1L_Epoch1>>>>>>>>>>>>>>>>>>>>=train_accuracy: 0.593, train_loss: 0.70384,	val_accuracy: 0.650066, val_loss: 0.677048
1L_Epoch2>>>>>>>>>>>>>>>>>>>>=train_accuracy: 0.698, train_loss: 0.678243,	val_accuracy: 0.638607, val_loss: 0.675137
1L_Epoch3>>>>>>>>>>>>>>>>>>>>=train_accuracy: 0.699, train_loss: 0.671825,	val_accuracy: 0.638167, val_loss: 0.674363
1L_Epoch4>>>>>>>>>>>>>>>>>>>>=train_accuracy: 0.708, train_loss: 0.662618,	val_accuracy: 0.640811, val_loss: 0.673769
1L_Epoch5>>>>>>>>>>>>>>>>>>>>=train_accuracy: 0.727, train_loss: 0.65615,	val_accuracy: 0.649625, val_loss: 0.672293
1L_Epoch6>>>>>>>>>>>>>>>>>>>>=train_accuracy: 0.712, train_loss: 0.657342,	val_accuracy: 0.656677, val_loss: 0.671368
1L_Epoch7>>>>>>>>>>>>>>>>>>>>=train_accuracy: 0.708, train_loss: 0.655131,	val_accuracy: 0.660203, val_loss: 0.670264
1L_Epoch8>>>>>>>>>>>>>>>>>>>>=train_accuracy: 0.737, train_loss: 0.643032,	val_accuracy: 0.660203, val_loss: 0.669397
1L_Epoch9>>>>>>>>>>>>>>>>>>>>=train_accuracy: 0.73, train_loss: 0.643331,	val_accuracy: 0.662406, val_loss: 0.668091
1L_Epoch10>>>>>>>>>>>>>>>>>>>>=train_accuracy: 0.719, train_loss: 0.651856,	val_accuracy: 0.667254, val_loss: 0.66697
1L_Epoch11>>>>>>>>>>>>>>>>>>>>=train_accuracy: 0.721, train_loss: 0.649799,	val_accuracy: 0.673424, val_loss: 0.665768
1L_Epoch12>>>>>>>>>>>>>>>>>>>>=train_accuracy: 0.76, train_loss: 0.635939,	val_accuracy: 0.678713, val_loss: 0.664648
1L_Epoch13>>>>>>>>>>>>>>>>>>>>=train_accuracy: 0.738, train_loss: 0.642864,	val_accuracy: 0.680917, val_loss: 0.663839
1L_Epoch14>>>>>>>>>>>>>>>>>>>>=train_accuracy: 0.748, train_loss: 0.641116,	val_accuracy: 0.684883, val_loss: 0.662846
1L_Epoch15>>>>>>>>>>>>>>>>>>>>=train_accuracy: 0.746, train_loss: 0.639595,	val_accuracy: 0.687087, val_loss: 0.661885
1L_Epoch16>>>>>>>>>>>>>>>>>>>>=train_accuracy: 0.752, train_loss: 0.638189,	val_accuracy: 0.692375, val_loss: 0.661032
1L_Epoch17>>>>>>>>>>>>>>>>>>>>=train_accuracy: 0.741, train_loss: 0.641189,	val_accuracy: 0.694138, val_loss: 0.660404
1L_Epoch18>>>>>>>>>>>>>>>>>>>>=train_accuracy: 0.786, train_loss: 0.62506,	val_accuracy: 0.695901, val_loss: 0.659871
1L_Epoch19>>>>>>>>>>>>>>>>>>>>=train_accuracy: 0.744, train_loss: 0.637253,	val_accuracy: 0.695901, val_loss: 0.659053
1L_Epoch20>>>>>>>>>>>>>>>>>>>>=train_accuracy: 0.77, train_loss: 0.630442,	val_accuracy: 0.698105, val_loss: 0.658496
1L_Epoch21>>>>>>>>>>>>>>>>>>>>=train_accuracy: 0.763, train_loss: 0.632528,	val_accuracy: 0.697223, val_loss: 0.658031
1L_Epoch22>>>>>>>>>>>>>>>>>>>>=train_accuracy: 0.766, train_loss: 0.62912,	val_accuracy: 0.698105, val_loss: 0.657369
1L_Epoch23>>>>>>>>>>>>>>>>>>>>=train_accuracy: 0.764, train_loss: 0.633193,	val_accuracy: 0.698105, val_loss: 0.657003
1L_Epoch24>>>>>>>>>>>>>>>>>>>>=train_accuracy: 0.775, train_loss: 0.629747,	val_accuracy: 0.700309, val_loss: 0.656539
1L_Epoch25>>>>>>>>>>>>>>>>>>>>=train_accuracy: 0.76, train_loss: 0.63093,	val_accuracy: 0.701631, val_loss: 0.656003
1L_Epoch26>>>>>>>>>>>>>>>>>>>>=train_accuracy: 0.771, train_loss: 0.627967,	val_accuracy: 0.704275, val_loss: 0.655511
1L_Epoch27>>>>>>>>>>>>>>>>>>>>=train_accuracy: 0.777, train_loss: 0.629239,	val_accuracy: 0.707801, val_loss: 0.654773
1L_Epoch28>>>>>>>>>>>>>>>>>>>>=train_accuracy: 0.785, train_loss: 0.624175,	val_accuracy: 0.710004, val_loss: 0.654302
1L_Epoch29>>>>>>>>>>>>>>>>>>>>=train_accuracy: 0.779, train_loss: 0.625972,	val_accuracy: 0.710445, val_loss: 0.654001
1L_Epoch30>>>>>>>>>>>>>>>>>>>>=train_accuracy: 0.778, train_loss: 0.625667,	val_accuracy: 0.712208, val_loss: 0.653471
1L_Epoch31>>>>>>>>>>>>>>>>>>>>=train_accuracy: 0.774, train_loss: 0.628475,	val_accuracy: 0.713089, val_loss: 0.652998
1L_Epoch32>>>>>>>>>>>>>>>>>>>>=train_accuracy: 0.773, train_loss: 0.628332,	val_accuracy: 0.714852, val_loss: 0.652545
1L_Epoch33>>>>>>>>>>>>>>>>>>>>=train_accuracy: 0.789, train_loss: 0.619956,	val_accuracy: 0.715734, val_loss: 0.652228
1L_Epoch34>>>>>>>>>>>>>>>>>>>>=train_accuracy: 0.801, train_loss: 0.617744,	val_accuracy: 0.716615, val_loss: 0.651864
1L_Epoch35>>>>>>>>>>>>>>>>>>>>=train_accuracy: 0.786, train_loss: 0.62136,	val_accuracy: 0.717056, val_loss: 0.65136
1L_Epoch36>>>>>>>>>>>>>>>>>>>>=train_accuracy: 0.788, train_loss: 0.620516,	val_accuracy: 0.717497, val_loss: 0.650847
1L_Epoch37>>>>>>>>>>>>>>>>>>>>=train_accuracy: 0.777, train_loss: 0.623141,	val_accuracy: 0.717497, val_loss: 0.650502
1L_Epoch38>>>>>>>>>>>>>>>>>>>>=train_accuracy: 0.777, train_loss: 0.621473,	val_accuracy: 0.717937, val_loss: 0.6503
1L_Epoch39>>>>>>>>>>>>>>>>>>>>=train_accuracy: 0.784, train_loss: 0.621598,	val_accuracy: 0.717937, val_loss: 0.65012
1L_Epoch40>>>>>>>>>>>>>>>>>>>>=train_accuracy: 0.784, train_loss: 0.622609,	val_accuracy: 0.717937, val_loss: 0.649828
1L_Epoch41>>>>>>>>>>>>>>>>>>>>=train_accuracy: 0.784, train_loss: 0.622694,	val_accuracy: 0.718378, val_loss: 0.649381
1L_Epoch42>>>>>>>>>>>>>>>>>>>>=train_accuracy: 0.799, train_loss: 0.615036,	val_accuracy: 0.7197, val_loss: 0.649226
1L_Epoch43>>>>>>>>>>>>>>>>>>>>=train_accuracy: 0.784, train_loss: 0.619373,	val_accuracy: 0.718819, val_loss: 0.648869
1L_Epoch44>>>>>>>>>>>>>>>>>>>>=train_accuracy: 0.767, train_loss: 0.627051,	val_accuracy: 0.718378, val_loss: 0.648607
1L_Epoch45>>>>>>>>>>>>>>>>>>>>=train_accuracy: 0.782, train_loss: 0.619342,	val_accuracy: 0.717497, val_loss: 0.648662
1L_Epoch46>>>>>>>>>>>>>>>>>>>>=train_accuracy: 0.783, train_loss: 0.618654,	val_accuracy: 0.718819, val_loss: 0.64818
1L_Epoch47>>>>>>>>>>>>>>>>>>>>=train_accuracy: 0.788, train_loss: 0.621127,	val_accuracy: 0.718378, val_loss: 0.647917
1L_Epoch48>>>>>>>>>>>>>>>>>>>>=train_accuracy: 0.781, train_loss: 0.61994,	val_accuracy: 0.7197, val_loss: 0.647576
1L_Epoch49>>>>>>>>>>>>>>>>>>>>=train_accuracy: 0.778, train_loss: 0.619525,	val_accuracy: 0.7197, val_loss: 0.647483
1L_Epoch50>>>>>>>>>>>>>>>>>>>>=train_accuracy: 0.791, train_loss: 0.619689,	val_accuracy: 0.71926, val_loss: 0.647568
1L_Epoch51>>>>>>>>>>>>>>>>>>>>=train_accuracy: 0.784, train_loss: 0.618951,	val_accuracy: 0.7197, val_loss: 0.647516
1L_Epoch52>>>>>>>>>>>>>>>>>>>>=train_accuracy: 0.8, train_loss: 0.613931,	val_accuracy: 0.7197, val_loss: 0.647237
1L_Epoch53>>>>>>>>>>>>>>>>>>>>=train_accuracy: 0.791, train_loss: 0.61793,	val_accuracy: 0.721022, val_loss: 0.646941
1L_Epoch54>>>>>>>>>>>>>>>>>>>>=train_accuracy: 0.79, train_loss: 0.617035,	val_accuracy: 0.720582, val_loss: 0.646728
1L_Epoch55>>>>>>>>>>>>>>>>>>>>=train_accuracy: 0.788, train_loss: 0.61853,	val_accuracy: 0.724108, val_loss: 0.646234
1L_Epoch56>>>>>>>>>>>>>>>>>>>>=train_accuracy: 0.807, train_loss: 0.610978,	val_accuracy: 0.723667, val_loss: 0.64614
1L_Epoch57>>>>>>>>>>>>>>>>>>>>=train_accuracy: 0.784, train_loss: 0.619347,	val_accuracy: 0.724108, val_loss: 0.645817
1L_Epoch58>>>>>>>>>>>>>>>>>>>>=train_accuracy: 0.806, train_loss: 0.611119,	val_accuracy: 0.724548, val_loss: 0.645531
1L_Epoch59>>>>>>>>>>>>>>>>>>>>=train_accuracy: 0.78, train_loss: 0.62063,	val_accuracy: 0.723226, val_loss: 0.645549
1L_Epoch60>>>>>>>>>>>>>>>>>>>>=train_accuracy: 0.771, train_loss: 0.621086,	val_accuracy: 0.723667, val_loss: 0.645456
1L_Epoch61>>>>>>>>>>>>>>>>>>>>=train_accuracy: 0.797, train_loss: 0.612885,	val_accuracy: 0.723667, val_loss: 0.64546
1L_Epoch62>>>>>>>>>>>>>>>>>>>>=train_accuracy: 0.804, train_loss: 0.612121,	val_accuracy: 0.723667, val_loss: 0.645324
1L_Epoch63>>>>>>>>>>>>>>>>>>>>=train_accuracy: 0.779, train_loss: 0.620457,	val_accuracy: 0.724108, val_loss: 0.645015
1L_Epoch64>>>>>>>>>>>>>>>>>>>>=train_accuracy: 0.805, train_loss: 0.609219,	val_accuracy: 0.724548, val_loss: 0.644853
1L_Epoch65>>>>>>>>>>>>>>>>>>>>=train_accuracy: 0.807, train_loss: 0.610935,	val_accuracy: 0.724548, val_loss: 0.644745
1L_Epoch66>>>>>>>>>>>>>>>>>>>>=train_accuracy: 0.8, train_loss: 0.611411,	val_accuracy: 0.724548, val_loss: 0.644854
1L_Epoch67>>>>>>>>>>>>>>>>>>>>=train_accuracy: 0.79, train_loss: 0.615178,	val_accuracy: 0.72587, val_loss: 0.644381
1L_Epoch68>>>>>>>>>>>>>>>>>>>>=train_accuracy: 0.78, train_loss: 0.619047,	val_accuracy: 0.72543, val_loss: 0.644189
1L_Epoch69>>>>>>>>>>>>>>>>>>>>=train_accuracy: 0.803, train_loss: 0.61048,	val_accuracy: 0.72543, val_loss: 0.644172
1L_Epoch70>>>>>>>>>>>>>>>>>>>>=train_accuracy: 0.818, train_loss: 0.602587,	val_accuracy: 0.72587, val_loss: 0.643933
1L_Epoch71>>>>>>>>>>>>>>>>>>>>=train_accuracy: 0.797, train_loss: 0.608602,	val_accuracy: 0.72543, val_loss: 0.644086
1L_Epoch72>>>>>>>>>>>>>>>>>>>>=train_accuracy: 0.801, train_loss: 0.613318,	val_accuracy: 0.726752, val_loss: 0.643743
1L_Epoch73>>>>>>>>>>>>>>>>>>>>=train_accuracy: 0.794, train_loss: 0.611667,	val_accuracy: 0.728074, val_loss: 0.643559
1L_Epoch74>>>>>>>>>>>>>>>>>>>>=train_accuracy: 0.807, train_loss: 0.609527,	val_accuracy: 0.727193, val_loss: 0.643543
1L_Epoch75>>>>>>>>>>>>>>>>>>>>=train_accuracy: 0.788, train_loss: 0.612439,	val_accuracy: 0.727633, val_loss: 0.643348
1L_Epoch76>>>>>>>>>>>>>>>>>>>>=train_accuracy: 0.797, train_loss: 0.609675,	val_accuracy: 0.727193, val_loss: 0.643373
1L_Epoch77>>>>>>>>>>>>>>>>>>>>=train_accuracy: 0.797, train_loss: 0.608743,	val_accuracy: 0.727633, val_loss: 0.643292
1L_Epoch78>>>>>>>>>>>>>>>>>>>>=train_accuracy: 0.802, train_loss: 0.60837,	val_accuracy: 0.727633, val_loss: 0.64341
1L_Epoch79>>>>>>>>>>>>>>>>>>>>=train_accuracy: 0.795, train_loss: 0.611478,	val_accuracy: 0.727193, val_loss: 0.643122
1L_Epoch80>>>>>>>>>>>>>>>>>>>>=train_accuracy: 0.808, train_loss: 0.604463,	val_accuracy: 0.72587, val_loss: 0.643415
1L_Epoch81>>>>>>>>>>>>>>>>>>>>=train_accuracy: 0.809, train_loss: 0.603351,	val_accuracy: 0.726752, val_loss: 0.643024
1L_Epoch82>>>>>>>>>>>>>>>>>>>>=train_accuracy: 0.802, train_loss: 0.6082,	val_accuracy: 0.726752, val_loss: 0.643012
1L_Epoch83>>>>>>>>>>>>>>>>>>>>=train_accuracy: 0.798, train_loss: 0.608539,	val_accuracy: 0.723667, val_loss: 0.643433
1L_Epoch84>>>>>>>>>>>>>>>>>>>>=train_accuracy: 0.809, train_loss: 0.604116,	val_accuracy: 0.724548, val_loss: 0.643228
1L_Epoch85>>>>>>>>>>>>>>>>>>>>=train_accuracy: 0.807, train_loss: 0.605765,	val_accuracy: 0.72543, val_loss: 0.64319
1L_Epoch86>>>>>>>>>>>>>>>>>>>>=train_accuracy: 0.796, train_loss: 0.608586,	val_accuracy: 0.726752, val_loss: 0.643261
1L_Epoch87>>>>>>>>>>>>>>>>>>>>=train_accuracy: 0.808, train_loss: 0.606368,	val_accuracy: 0.724989, val_loss: 0.643269
1L_Epoch88>>>>>>>>>>>>>>>>>>>>=train_accuracy: 0.804, train_loss: 0.608254,	val_accuracy: 0.726752, val_loss: 0.642695
1L_Epoch89>>>>>>>>>>>>>>>>>>>>=train_accuracy: 0.802, train_loss: 0.610932,	val_accuracy: 0.727633, val_loss: 0.642568
1L_Epoch90>>>>>>>>>>>>>>>>>>>>=train_accuracy: 0.822, train_loss: 0.600554,	val_accuracy: 0.72587, val_loss: 0.642984
1L_Epoch91>>>>>>>>>>>>>>>>>>>>=train_accuracy: 0.805, train_loss: 0.603665,	val_accuracy: 0.72543, val_loss: 0.643133
1L_Epoch92>>>>>>>>>>>>>>>>>>>>=train_accuracy: 0.806, train_loss: 0.604274,	val_accuracy: 0.72543, val_loss: 0.643022
1L_Epoch93>>>>>>>>>>>>>>>>>>>>=train_accuracy: 0.813, train_loss: 0.600599,	val_accuracy: 0.724548, val_loss: 0.643179
1L_Epoch94>>>>>>>>>>>>>>>>>>>>=train_accuracy: 0.807, train_loss: 0.60669,	val_accuracy: 0.72543, val_loss: 0.643233
1L_Epoch95>>>>>>>>>>>>>>>>>>>>=train_accuracy: 0.814, train_loss: 0.599752,	val_accuracy: 0.724548, val_loss: 0.643094
1L_Epoch96>>>>>>>>>>>>>>>>>>>>=train_accuracy: 0.817, train_loss: 0.600055,	val_accuracy: 0.723226, val_loss: 0.643297
1L_Epoch97>>>>>>>>>>>>>>>>>>>>=train_accuracy: 0.794, train_loss: 0.610247,	val_accuracy: 0.721904, val_loss: 0.643415
1L_Epoch98>>>>>>>>>>>>>>>>>>>>=train_accuracy: 0.83, train_loss: 0.596959,	val_accuracy: 0.720582, val_loss: 0.643697
1L_Epoch99>>>>>>>>>>>>>>>>>>>>=train_accuracy: 0.8, train_loss: 0.604732,	val_accuracy: 0.721463, val_loss: 0.643474
1L_Epoch100>>>>>>>>>>>>>>>>>>>>=train_accuracy: 0.816, train_loss: 0.600688,	val_accuracy: 0.721463, val_loss: 0.643412
1L_Epoch101>>>>>>>>>>>>>>>>>>>>=train_accuracy: 0.814, train_loss: 0.598694,	val_accuracy: 0.721463, val_loss: 0.643456
1L_Epoch102>>>>>>>>>>>>>>>>>>>>=train_accuracy: 0.793, train_loss: 0.609683,	val_accuracy: 0.721904, val_loss: 0.643195
1L_Epoch103>>>>>>>>>>>>>>>>>>>>=train_accuracy: 0.814, train_loss: 0.60248,	val_accuracy: 0.722345, val_loss: 0.643286
1L_Epoch104>>>>>>>>>>>>>>>>>>>>=train_accuracy: 0.833, train_loss: 0.591787,	val_accuracy: 0.721904, val_loss: 0.643238
1L_Epoch105>>>>>>>>>>>>>>>>>>>>=train_accuracy: 0.829, train_loss: 0.597214,	val_accuracy: 0.722785, val_loss: 0.642997
1L_Epoch106>>>>>>>>>>>>>>>>>>>>=train_accuracy: 0.825, train_loss: 0.599777,	val_accuracy: 0.722785, val_loss: 0.643242
1L_Epoch107>>>>>>>>>>>>>>>>>>>>=train_accuracy: 0.811, train_loss: 0.602766,	val_accuracy: 0.723667, val_loss: 0.643344
1L_Epoch108>>>>>>>>>>>>>>>>>>>>=train_accuracy: 0.822, train_loss: 0.599753,	val_accuracy: 0.721904, val_loss: 0.643974
1L_Epoch109>>>>>>>>>>>>>>>>>>>>=train_accuracy: 0.827, train_loss: 0.598732,	val_accuracy: 0.722785, val_loss: 0.6438
1L_Epoch110>>>>>>>>>>>>>>>>>>>>=train_accuracy: 0.814, train_loss: 0.601287,	val_accuracy: 0.723667, val_loss: 0.643799
1L_Epoch111>>>>>>>>>>>>>>>>>>>>=train_accuracy: 0.824, train_loss: 0.596745,	val_accuracy: 0.723667, val_loss: 0.64368
1L_Epoch112>>>>>>>>>>>>>>>>>>>>=train_accuracy: 0.84, train_loss: 0.587853,	val_accuracy: 0.722345, val_loss: 0.644132
1L_Epoch113>>>>>>>>>>>>>>>>>>>>=train_accuracy: 0.813, train_loss: 0.599414,	val_accuracy: 0.721904, val_loss: 0.644296
1L_Epoch114>>>>>>>>>>>>>>>>>>>>=train_accuracy: 0.84, train_loss: 0.589541,	val_accuracy: 0.721463, val_loss: 0.644592
1L_Epoch115>>>>>>>>>>>>>>>>>>>>=train_accuracy: 0.822, train_loss: 0.59749,	val_accuracy: 0.722345, val_loss: 0.644451
1L_Epoch116>>>>>>>>>>>>>>>>>>>>=train_accuracy: 0.835, train_loss: 0.592081,	val_accuracy: 0.721904, val_loss: 0.644413
1L_Epoch117>>>>>>>>>>>>>>>>>>>>=train_accuracy: 0.823, train_loss: 0.596885,	val_accuracy: 0.721022, val_loss: 0.644661
1L_Epoch118>>>>>>>>>>>>>>>>>>>>=train_accuracy: 0.822, train_loss: 0.595733,	val_accuracy: 0.720582, val_loss: 0.644796
1L_Epoch119>>>>>>>>>>>>>>>>>>>>=train_accuracy: 0.819, train_loss: 0.599531,	val_accuracy: 0.720582, val_loss: 0.644824
1L_Epoch120>>>>>>>>>>>>>>>>>>>>=train_accuracy: 0.842, train_loss: 0.590085,	val_accuracy: 0.71926, val_loss: 0.645217
1L_Epoch121>>>>>>>>>>>>>>>>>>>>=train_accuracy: 0.835, train_loss: 0.592389,	val_accuracy: 0.71926, val_loss: 0.646133
1L_Epoch122>>>>>>>>>>>>>>>>>>>>=train_accuracy: 0.826, train_loss: 0.594882,	val_accuracy: 0.718378, val_loss: 0.646215
1L_Epoch123>>>>>>>>>>>>>>>>>>>>=train_accuracy: 0.829, train_loss: 0.594288,	val_accuracy: 0.718819, val_loss: 0.646388
1L_Epoch124>>>>>>>>>>>>>>>>>>>>=train_accuracy: 0.832, train_loss: 0.591514,	val_accuracy: 0.721022, val_loss: 0.645993
1L_Epoch125>>>>>>>>>>>>>>>>>>>>=train_accuracy: 0.822, train_loss: 0.59558,	val_accuracy: 0.721022, val_loss: 0.64599
1L_Epoch126>>>>>>>>>>>>>>>>>>>>=train_accuracy: 0.834, train_loss: 0.590533,	val_accuracy: 0.720141, val_loss: 0.646021
1L_Epoch127>>>>>>>>>>>>>>>>>>>>=train_accuracy: 0.836, train_loss: 0.595492,	val_accuracy: 0.7197, val_loss: 0.646403
1L_Epoch128>>>>>>>>>>>>>>>>>>>>=train_accuracy: 0.827, train_loss: 0.596656,	val_accuracy: 0.718819, val_loss: 0.64688
1L_Epoch129>>>>>>>>>>>>>>>>>>>>=train_accuracy: 0.832, train_loss: 0.593207,	val_accuracy: 0.717937, val_loss: 0.647076
1L_Epoch130>>>>>>>>>>>>>>>>>>>>=train_accuracy: 0.826, train_loss: 0.597571,	val_accuracy: 0.717497, val_loss: 0.647291
1L_Epoch131>>>>>>>>>>>>>>>>>>>>=train_accuracy: 0.857, train_loss: 0.58314,	val_accuracy: 0.717937, val_loss: 0.647101
1L_Epoch132>>>>>>>>>>>>>>>>>>>>=train_accuracy: 0.857, train_loss: 0.582312,	val_accuracy: 0.717937, val_loss: 0.64746
1L_Epoch133>>>>>>>>>>>>>>>>>>>>=train_accuracy: 0.844, train_loss: 0.588044,	val_accuracy: 0.715293, val_loss: 0.647941
1L_Epoch134>>>>>>>>>>>>>>>>>>>>=train_accuracy: 0.846, train_loss: 0.587738,	val_accuracy: 0.717497, val_loss: 0.647668
1L_Epoch135>>>>>>>>>>>>>>>>>>>>=train_accuracy: 0.838, train_loss: 0.592567,	val_accuracy: 0.716175, val_loss: 0.648132
1L_Epoch136>>>>>>>>>>>>>>>>>>>>=train_accuracy: 0.835, train_loss: 0.594655,	val_accuracy: 0.716175, val_loss: 0.648292
1L_Epoch137>>>>>>>>>>>>>>>>>>>>=train_accuracy: 0.864, train_loss: 0.580283,	val_accuracy: 0.718819, val_loss: 0.648109
1L_Epoch138>>>>>>>>>>>>>>>>>>>>=train_accuracy: 0.843, train_loss: 0.586486,	val_accuracy: 0.717937, val_loss: 0.648114
1L_Epoch139>>>>>>>>>>>>>>>>>>>>=train_accuracy: 0.851, train_loss: 0.585536,	val_accuracy: 0.717497, val_loss: 0.648217
1L_Epoch140>>>>>>>>>>>>>>>>>>>>=train_accuracy: 0.853, train_loss: 0.586099,	val_accuracy: 0.716175, val_loss: 0.64824
1L_Epoch141>>>>>>>>>>>>>>>>>>>>=train_accuracy: 0.822, train_loss: 0.595824,	val_accuracy: 0.715293, val_loss: 0.648483
1L_Epoch142>>>>>>>>>>>>>>>>>>>>=train_accuracy: 0.853, train_loss: 0.585656,	val_accuracy: 0.715734, val_loss: 0.648597
1L_Epoch143>>>>>>>>>>>>>>>>>>>>=train_accuracy: 0.866, train_loss: 0.581218,	val_accuracy: 0.713971, val_loss: 0.648976
1L_Epoch144>>>>>>>>>>>>>>>>>>>>=train_accuracy: 0.863, train_loss: 0.579261,	val_accuracy: 0.713971, val_loss: 0.648652
1L_Epoch145>>>>>>>>>>>>>>>>>>>>=train_accuracy: 0.855, train_loss: 0.583233,	val_accuracy: 0.71353, val_loss: 0.648895
1L_Epoch146>>>>>>>>>>>>>>>>>>>>=train_accuracy: 0.856, train_loss: 0.582339,	val_accuracy: 0.713089, val_loss: 0.648793
1L_Epoch147>>>>>>>>>>>>>>>>>>>>=train_accuracy: 0.845, train_loss: 0.589633,	val_accuracy: 0.713971, val_loss: 0.648519
1L_Epoch148>>>>>>>>>>>>>>>>>>>>=train_accuracy: 0.862, train_loss: 0.580599,	val_accuracy: 0.713971, val_loss: 0.648577
1L_Epoch149>>>>>>>>>>>>>>>>>>>>=train_accuracy: 0.87, train_loss: 0.578124,	val_accuracy: 0.716175, val_loss: 0.648462
1L_Epoch150>>>>>>>>>>>>>>>>>>>>=train_accuracy: 0.876, train_loss: 0.574897,	val_accuracy: 0.714412, val_loss: 0.648659
1L_Epoch151>>>>>>>>>>>>>>>>>>>>=train_accuracy: 0.861, train_loss: 0.581567,	val_accuracy: 0.714412, val_loss: 0.648596
1L_Epoch152>>>>>>>>>>>>>>>>>>>>=train_accuracy: 0.869, train_loss: 0.578991,	val_accuracy: 0.714852, val_loss: 0.648484
1L_Epoch153>>>>>>>>>>>>>>>>>>>>=train_accuracy: 0.855, train_loss: 0.584312,	val_accuracy: 0.714852, val_loss: 0.648742
1L_Epoch154>>>>>>>>>>>>>>>>>>>>=train_accuracy: 0.856, train_loss: 0.584741,	val_accuracy: 0.715734, val_loss: 0.64871
1L_Epoch155>>>>>>>>>>>>>>>>>>>>=train_accuracy: 0.869, train_loss: 0.579665,	val_accuracy: 0.714852, val_loss: 0.648429
1L_Epoch156>>>>>>>>>>>>>>>>>>>>=train_accuracy: 0.868, train_loss: 0.58,	val_accuracy: 0.715734, val_loss: 0.648123
1L_Epoch157>>>>>>>>>>>>>>>>>>>>=train_accuracy: 0.874, train_loss: 0.57789,	val_accuracy: 0.715293, val_loss: 0.648024
1L_Epoch158>>>>>>>>>>>>>>>>>>>>=train_accuracy: 0.868, train_loss: 0.580344,	val_accuracy: 0.714852, val_loss: 0.648218
1L_Epoch159>>>>>>>>>>>>>>>>>>>>=train_accuracy: 0.871, train_loss: 0.58005,	val_accuracy: 0.715293, val_loss: 0.647902
1L_Epoch160>>>>>>>>>>>>>>>>>>>>=train_accuracy: 0.869, train_loss: 0.579653,	val_accuracy: 0.716615, val_loss: 0.648086
1L_Epoch161>>>>>>>>>>>>>>>>>>>>=train_accuracy: 0.885, train_loss: 0.572893,	val_accuracy: 0.717056, val_loss: 0.647737
1L_Epoch162>>>>>>>>>>>>>>>>>>>>=train_accuracy: 0.876, train_loss: 0.577364,	val_accuracy: 0.717497, val_loss: 0.647907
1L_Epoch163>>>>>>>>>>>>>>>>>>>>=train_accuracy: 0.876, train_loss: 0.57564,	val_accuracy: 0.717497, val_loss: 0.647263
1L_Epoch164>>>>>>>>>>>>>>>>>>>>=train_accuracy: 0.88, train_loss: 0.574385,	val_accuracy: 0.717497, val_loss: 0.647285
1L_Epoch165>>>>>>>>>>>>>>>>>>>>=train_accuracy: 0.87, train_loss: 0.577587,	val_accuracy: 0.718378, val_loss: 0.646984
1L_Epoch166>>>>>>>>>>>>>>>>>>>>=train_accuracy: 0.883, train_loss: 0.574666,	val_accuracy: 0.718378, val_loss: 0.646922
1L_Epoch167>>>>>>>>>>>>>>>>>>>>=train_accuracy: 0.875, train_loss: 0.576132,	val_accuracy: 0.71926, val_loss: 0.646974
1L_Epoch168>>>>>>>>>>>>>>>>>>>>=train_accuracy: 0.874, train_loss: 0.575566,	val_accuracy: 0.7197, val_loss: 0.646717
1L_Epoch169>>>>>>>>>>>>>>>>>>>>=train_accuracy: 0.877, train_loss: 0.575146,	val_accuracy: 0.7197, val_loss: 0.646611
1L_Epoch170>>>>>>>>>>>>>>>>>>>>=train_accuracy: 0.881, train_loss: 0.576894,	val_accuracy: 0.721463, val_loss: 0.646329
1L_Epoch171>>>>>>>>>>>>>>>>>>>>=train_accuracy: 0.875, train_loss: 0.576412,	val_accuracy: 0.721022, val_loss: 0.645866
1L_Epoch172>>>>>>>>>>>>>>>>>>>>=train_accuracy: 0.878, train_loss: 0.575383,	val_accuracy: 0.7197, val_loss: 0.646221
1L_Epoch173>>>>>>>>>>>>>>>>>>>>=train_accuracy: 0.874, train_loss: 0.575698,	val_accuracy: 0.721022, val_loss: 0.645835
1L_Epoch174>>>>>>>>>>>>>>>>>>>>=train_accuracy: 0.884, train_loss: 0.572747,	val_accuracy: 0.721463, val_loss: 0.645782
1L_Epoch175>>>>>>>>>>>>>>>>>>>>=train_accuracy: 0.887, train_loss: 0.570064,	val_accuracy: 0.720141, val_loss: 0.645566
1L_Epoch176>>>>>>>>>>>>>>>>>>>>=train_accuracy: 0.881, train_loss: 0.570449,	val_accuracy: 0.720582, val_loss: 0.64532
1L_Epoch177>>>>>>>>>>>>>>>>>>>>=train_accuracy: 0.879, train_loss: 0.573029,	val_accuracy: 0.722345, val_loss: 0.644774
1L_Epoch178>>>>>>>>>>>>>>>>>>>>=train_accuracy: 0.886, train_loss: 0.569501,	val_accuracy: 0.722785, val_loss: 0.644859
1L_Epoch179>>>>>>>>>>>>>>>>>>>>=train_accuracy: 0.883, train_loss: 0.570791,	val_accuracy: 0.721463, val_loss: 0.644729
1L_Epoch180>>>>>>>>>>>>>>>>>>>>=train_accuracy: 0.892, train_loss: 0.568485,	val_accuracy: 0.721463, val_loss: 0.644767
1L_Epoch181>>>>>>>>>>>>>>>>>>>>=train_accuracy: 0.883, train_loss: 0.571625,	val_accuracy: 0.721904, val_loss: 0.644505
1L_Epoch182>>>>>>>>>>>>>>>>>>>>=train_accuracy: 0.879, train_loss: 0.573818,	val_accuracy: 0.721904, val_loss: 0.644399
1L_Epoch183>>>>>>>>>>>>>>>>>>>>=train_accuracy: 0.885, train_loss: 0.571661,	val_accuracy: 0.722785, val_loss: 0.644095
1L_Epoch184>>>>>>>>>>>>>>>>>>>>=train_accuracy: 0.896, train_loss: 0.563718,	val_accuracy: 0.722345, val_loss: 0.644009
1L_Epoch185>>>>>>>>>>>>>>>>>>>>=train_accuracy: 0.892, train_loss: 0.568828,	val_accuracy: 0.722785, val_loss: 0.643967
1L_Epoch186>>>>>>>>>>>>>>>>>>>>=train_accuracy: 0.885, train_loss: 0.566804,	val_accuracy: 0.724108, val_loss: 0.643845
1L_Epoch187>>>>>>>>>>>>>>>>>>>>=train_accuracy: 0.875, train_loss: 0.575078,	val_accuracy: 0.724108, val_loss: 0.643878
1L_Epoch188>>>>>>>>>>>>>>>>>>>>=train_accuracy: 0.886, train_loss: 0.56918,	val_accuracy: 0.724108, val_loss: 0.643659
1L_Epoch189>>>>>>>>>>>>>>>>>>>>=train_accuracy: 0.887, train_loss: 0.570303,	val_accuracy: 0.721463, val_loss: 0.643479
1L_Epoch190>>>>>>>>>>>>>>>>>>>>=train_accuracy: 0.886, train_loss: 0.571171,	val_accuracy: 0.721904, val_loss: 0.643236
1L_Epoch191>>>>>>>>>>>>>>>>>>>>=train_accuracy: 0.897, train_loss: 0.563885,	val_accuracy: 0.72543, val_loss: 0.643148
1L_Epoch192>>>>>>>>>>>>>>>>>>>>=train_accuracy: 0.88, train_loss: 0.571701,	val_accuracy: 0.722785, val_loss: 0.643156
1L_Epoch193>>>>>>>>>>>>>>>>>>>>=train_accuracy: 0.906, train_loss: 0.560528,	val_accuracy: 0.722345, val_loss: 0.642922
1L_Epoch194>>>>>>>>>>>>>>>>>>>>=train_accuracy: 0.89, train_loss: 0.566926,	val_accuracy: 0.722785, val_loss: 0.643159
1L_Epoch195>>>>>>>>>>>>>>>>>>>>=train_accuracy: 0.894, train_loss: 0.565611,	val_accuracy: 0.724548, val_loss: 0.642643
1L_Epoch196>>>>>>>>>>>>>>>>>>>>=train_accuracy: 0.89, train_loss: 0.566798,	val_accuracy: 0.724108, val_loss: 0.642479
1L_Epoch197>>>>>>>>>>>>>>>>>>>>=train_accuracy: 0.888, train_loss: 0.568305,	val_accuracy: 0.724548, val_loss: 0.642226
1L_Epoch198>>>>>>>>>>>>>>>>>>>>=train_accuracy: 0.9, train_loss: 0.561795,	val_accuracy: 0.72543, val_loss: 0.64198
1L_Epoch199>>>>>>>>>>>>>>>>>>>>=train_accuracy: 0.893, train_loss: 0.566537,	val_accuracy: 0.72587, val_loss: 0.64179
1L_Epoch200>>>>>>>>>>>>>>>>>>>>=train_accuracy: 0.9, train_loss: 0.561807,	val_accuracy: 0.726311, val_loss: 0.642021
1L_Epoch201>>>>>>>>>>>>>>>>>>>>=train_accuracy: 0.896, train_loss: 0.564951,	val_accuracy: 0.724548, val_loss: 0.64207
1L_Epoch202>>>>>>>>>>>>>>>>>>>>=train_accuracy: 0.907, train_loss: 0.5588,	val_accuracy: 0.726752, val_loss: 0.641781
1L_Epoch203>>>>>>>>>>>>>>>>>>>>=train_accuracy: 0.882, train_loss: 0.568622,	val_accuracy: 0.724989, val_loss: 0.641863
1L_Epoch204>>>>>>>>>>>>>>>>>>>>=train_accuracy: 0.901, train_loss: 0.560282,	val_accuracy: 0.724989, val_loss: 0.641686
1L_Epoch205>>>>>>>>>>>>>>>>>>>>=train_accuracy: 0.894, train_loss: 0.563517,	val_accuracy: 0.726752, val_loss: 0.64136
1L_Epoch206>>>>>>>>>>>>>>>>>>>>=train_accuracy: 0.902, train_loss: 0.561692,	val_accuracy: 0.72543, val_loss: 0.641302
1L_Epoch207>>>>>>>>>>>>>>>>>>>>=train_accuracy: 0.902, train_loss: 0.560195,	val_accuracy: 0.724108, val_loss: 0.641329
1L_Epoch208>>>>>>>>>>>>>>>>>>>>=train_accuracy: 0.896, train_loss: 0.563591,	val_accuracy: 0.727633, val_loss: 0.64091
1L_Epoch209>>>>>>>>>>>>>>>>>>>>=train_accuracy: 0.893, train_loss: 0.564502,	val_accuracy: 0.722785, val_loss: 0.64132
1L_Epoch210>>>>>>>>>>>>>>>>>>>>=train_accuracy: 0.894, train_loss: 0.564563,	val_accuracy: 0.726311, val_loss: 0.640836
1L_Epoch211>>>>>>>>>>>>>>>>>>>>=train_accuracy: 0.903, train_loss: 0.561852,	val_accuracy: 0.727633, val_loss: 0.640717
1L_Epoch212>>>>>>>>>>>>>>>>>>>>=train_accuracy: 0.894, train_loss: 0.563704,	val_accuracy: 0.726311, val_loss: 0.640717
1L_Epoch213>>>>>>>>>>>>>>>>>>>>=train_accuracy: 0.894, train_loss: 0.565027,	val_accuracy: 0.724548, val_loss: 0.640575
1L_Epoch214>>>>>>>>>>>>>>>>>>>>=train_accuracy: 0.911, train_loss: 0.557813,	val_accuracy: 0.724108, val_loss: 0.640571
1L_Epoch215>>>>>>>>>>>>>>>>>>>>=train_accuracy: 0.888, train_loss: 0.566124,	val_accuracy: 0.722785, val_loss: 0.640919
1L_Epoch216>>>>>>>>>>>>>>>>>>>>=train_accuracy: 0.902, train_loss: 0.559508,	val_accuracy: 0.728515, val_loss: 0.640464
1L_Epoch217>>>>>>>>>>>>>>>>>>>>=train_accuracy: 0.899, train_loss: 0.561315,	val_accuracy: 0.728515, val_loss: 0.640755
1L_Epoch218>>>>>>>>>>>>>>>>>>>>=train_accuracy: 0.914, train_loss: 0.555021,	val_accuracy: 0.728074, val_loss: 0.640346
1L_Epoch219>>>>>>>>>>>>>>>>>>>>=train_accuracy: 0.893, train_loss: 0.564946,	val_accuracy: 0.721463, val_loss: 0.640712
1L_Epoch220>>>>>>>>>>>>>>>>>>>>=train_accuracy: 0.905, train_loss: 0.558783,	val_accuracy: 0.723226, val_loss: 0.640502
1L_Epoch221>>>>>>>>>>>>>>>>>>>>=train_accuracy: 0.897, train_loss: 0.563385,	val_accuracy: 0.723667, val_loss: 0.640075
1L_Epoch222>>>>>>>>>>>>>>>>>>>>=train_accuracy: 0.89, train_loss: 0.565372,	val_accuracy: 0.724548, val_loss: 0.639933
1L_Epoch223>>>>>>>>>>>>>>>>>>>>=train_accuracy: 0.9, train_loss: 0.562941,	val_accuracy: 0.721904, val_loss: 0.640363
1L_Epoch224>>>>>>>>>>>>>>>>>>>>=train_accuracy: 0.901, train_loss: 0.56098,	val_accuracy: 0.724989, val_loss: 0.639646
1L_Epoch225>>>>>>>>>>>>>>>>>>>>=train_accuracy: 0.91, train_loss: 0.55748,	val_accuracy: 0.722785, val_loss: 0.639777
1L_Epoch226>>>>>>>>>>>>>>>>>>>>=train_accuracy: 0.895, train_loss: 0.562887,	val_accuracy: 0.724108, val_loss: 0.639771
1L_Epoch227>>>>>>>>>>>>>>>>>>>>=train_accuracy: 0.893, train_loss: 0.561997,	val_accuracy: 0.723226, val_loss: 0.639652
1L_Epoch228>>>>>>>>>>>>>>>>>>>>=train_accuracy: 0.917, train_loss: 0.552964,	val_accuracy: 0.724108, val_loss: 0.639601
1L_Epoch229>>>>>>>>>>>>>>>>>>>>=train_accuracy: 0.906, train_loss: 0.559425,	val_accuracy: 0.723667, val_loss: 0.639566
1L_Epoch230>>>>>>>>>>>>>>>>>>>>=train_accuracy: 0.9, train_loss: 0.562028,	val_accuracy: 0.724989, val_loss: 0.639202
1L_Epoch231>>>>>>>>>>>>>>>>>>>>=train_accuracy: 0.912, train_loss: 0.553729,	val_accuracy: 0.726752, val_loss: 0.638927
1L_Epoch232>>>>>>>>>>>>>>>>>>>>=train_accuracy: 0.897, train_loss: 0.562701,	val_accuracy: 0.724989, val_loss: 0.639121
1L_Epoch233>>>>>>>>>>>>>>>>>>>>=train_accuracy: 0.901, train_loss: 0.562893,	val_accuracy: 0.723667, val_loss: 0.639637
1L_Epoch234>>>>>>>>>>>>>>>>>>>>=train_accuracy: 0.902, train_loss: 0.562779,	val_accuracy: 0.723667, val_loss: 0.639112
1L_Epoch235>>>>>>>>>>>>>>>>>>>>=train_accuracy: 0.907, train_loss: 0.557657,	val_accuracy: 0.726311, val_loss: 0.638619
1L_Epoch236>>>>>>>>>>>>>>>>>>>>=train_accuracy: 0.902, train_loss: 0.56142,	val_accuracy: 0.724548, val_loss: 0.639008
1L_Epoch237>>>>>>>>>>>>>>>>>>>>=train_accuracy: 0.9, train_loss: 0.55962,	val_accuracy: 0.724989, val_loss: 0.638659
1L_Epoch238>>>>>>>>>>>>>>>>>>>>=train_accuracy: 0.911, train_loss: 0.555958,	val_accuracy: 0.72587, val_loss: 0.638404
1L_Epoch239>>>>>>>>>>>>>>>>>>>>=train_accuracy: 0.901, train_loss: 0.560722,	val_accuracy: 0.72543, val_loss: 0.638343
1L_Epoch240>>>>>>>>>>>>>>>>>>>>=train_accuracy: 0.902, train_loss: 0.561226,	val_accuracy: 0.729837, val_loss: 0.637972
1L_Epoch241>>>>>>>>>>>>>>>>>>>>=train_accuracy: 0.904, train_loss: 0.55836,	val_accuracy: 0.72587, val_loss: 0.638344
1L_Epoch242>>>>>>>>>>>>>>>>>>>>=train_accuracy: 0.914, train_loss: 0.553851,	val_accuracy: 0.72543, val_loss: 0.638721
1L_Epoch243>>>>>>>>>>>>>>>>>>>>=train_accuracy: 0.91, train_loss: 0.555348,	val_accuracy: 0.72587, val_loss: 0.638452
1L_Epoch244>>>>>>>>>>>>>>>>>>>>=train_accuracy: 0.905, train_loss: 0.558157,	val_accuracy: 0.728956, val_loss: 0.63798
1L_Epoch245>>>>>>>>>>>>>>>>>>>>=train_accuracy: 0.9, train_loss: 0.561326,	val_accuracy: 0.726311, val_loss: 0.638375
1L_Epoch246>>>>>>>>>>>>>>>>>>>>=train_accuracy: 0.91, train_loss: 0.555888,	val_accuracy: 0.728956, val_loss: 0.637751
1L_Epoch247>>>>>>>>>>>>>>>>>>>>=train_accuracy: 0.893, train_loss: 0.562547,	val_accuracy: 0.729396, val_loss: 0.637872
1L_Epoch248>>>>>>>>>>>>>>>>>>>>=train_accuracy: 0.909, train_loss: 0.555544,	val_accuracy: 0.727193, val_loss: 0.638175
1L_Epoch249>>>>>>>>>>>>>>>>>>>>=train_accuracy: 0.899, train_loss: 0.561014,	val_accuracy: 0.727193, val_loss: 0.637584
1L_Epoch250>>>>>>>>>>>>>>>>>>>>=train_accuracy: 0.901, train_loss: 0.55974,	val_accuracy: 0.729837, val_loss: 0.63749
