HL_Epoch1>>>>>>>>>>>>>>>>>>>>=train_accuracy: 0.743, train_loss: 0.639536,	val_accuracy: 0.667988, val_loss: 0.714835
HL_Epoch2>>>>>>>>>>>>>>>>>>>>=train_accuracy: 0.775, train_loss: 0.618314,	val_accuracy: 0.661823, val_loss: 0.706365
HL_Epoch3>>>>>>>>>>>>>>>>>>>>=train_accuracy: 0.842, train_loss: 0.609836,	val_accuracy: 0.648613, val_loss: 0.701859
HL_Epoch4>>>>>>>>>>>>>>>>>>>>=train_accuracy: 0.914, train_loss: 0.595491,	val_accuracy: 0.639806, val_loss: 0.697068
HL_Epoch5>>>>>>>>>>>>>>>>>>>>=train_accuracy: 0.915, train_loss: 0.588423,	val_accuracy: 0.649494, val_loss: 0.690231
HL_Epoch6>>>>>>>>>>>>>>>>>>>>=train_accuracy: 0.926, train_loss: 0.578331,	val_accuracy: 0.667547, val_loss: 0.685678
HL_Epoch7>>>>>>>>>>>>>>>>>>>>=train_accuracy: 0.915, train_loss: 0.579195,	val_accuracy: 0.679877, val_loss: 0.683024
HL_Epoch8>>>>>>>>>>>>>>>>>>>>=train_accuracy: 0.927, train_loss: 0.570598,	val_accuracy: 0.690885, val_loss: 0.678706
HL_Epoch9>>>>>>>>>>>>>>>>>>>>=train_accuracy: 0.922, train_loss: 0.570514,	val_accuracy: 0.698371, val_loss: 0.674982
HL_Epoch10>>>>>>>>>>>>>>>>>>>>=train_accuracy: 0.927, train_loss: 0.564178,	val_accuracy: 0.69749, val_loss: 0.672812
HL_Epoch11>>>>>>>>>>>>>>>>>>>>=train_accuracy: 0.941, train_loss: 0.557849,	val_accuracy: 0.69705, val_loss: 0.670258
HL_Epoch12>>>>>>>>>>>>>>>>>>>>=train_accuracy: 0.932, train_loss: 0.558226,	val_accuracy: 0.695729, val_loss: 0.668751
HL_Epoch13>>>>>>>>>>>>>>>>>>>>=train_accuracy: 0.939, train_loss: 0.556336,	val_accuracy: 0.700572, val_loss: 0.666009
HL_Epoch14>>>>>>>>>>>>>>>>>>>>=train_accuracy: 0.936, train_loss: 0.554435,	val_accuracy: 0.704095, val_loss: 0.663877
HL_Epoch15>>>>>>>>>>>>>>>>>>>>=train_accuracy: 0.934, train_loss: 0.55532,	val_accuracy: 0.704095, val_loss: 0.662533
HL_Epoch16>>>>>>>>>>>>>>>>>>>>=train_accuracy: 0.945, train_loss: 0.549675,	val_accuracy: 0.708939, val_loss: 0.660356
HL_Epoch17>>>>>>>>>>>>>>>>>>>>=train_accuracy: 0.94, train_loss: 0.550303,	val_accuracy: 0.709819, val_loss: 0.659647
HL_Epoch18>>>>>>>>>>>>>>>>>>>>=train_accuracy: 0.938, train_loss: 0.549576,	val_accuracy: 0.712021, val_loss: 0.658177
HL_Epoch19>>>>>>>>>>>>>>>>>>>>=train_accuracy: 0.936, train_loss: 0.549207,	val_accuracy: 0.716865, val_loss: 0.656843
HL_Epoch20>>>>>>>>>>>>>>>>>>>>=train_accuracy: 0.94, train_loss: 0.545811,	val_accuracy: 0.72347, val_loss: 0.655694
HL_Epoch21>>>>>>>>>>>>>>>>>>>>=train_accuracy: 0.937, train_loss: 0.547808,	val_accuracy: 0.728314, val_loss: 0.654584
HL_Epoch22>>>>>>>>>>>>>>>>>>>>=train_accuracy: 0.942, train_loss: 0.544382,	val_accuracy: 0.732277, val_loss: 0.652587
HL_Epoch23>>>>>>>>>>>>>>>>>>>>=train_accuracy: 0.953, train_loss: 0.537334,	val_accuracy: 0.730956, val_loss: 0.652448
HL_Epoch24>>>>>>>>>>>>>>>>>>>>=train_accuracy: 0.939, train_loss: 0.541555,	val_accuracy: 0.735359, val_loss: 0.651009
HL_Epoch25>>>>>>>>>>>>>>>>>>>>=train_accuracy: 0.945, train_loss: 0.539787,	val_accuracy: 0.734919, val_loss: 0.650262
HL_Epoch26>>>>>>>>>>>>>>>>>>>>=train_accuracy: 0.937, train_loss: 0.54028,	val_accuracy: 0.738441, val_loss: 0.648807
HL_Epoch27>>>>>>>>>>>>>>>>>>>>=train_accuracy: 0.951, train_loss: 0.538384,	val_accuracy: 0.738882, val_loss: 0.648394
HL_Epoch28>>>>>>>>>>>>>>>>>>>>=train_accuracy: 0.937, train_loss: 0.543179,	val_accuracy: 0.739762, val_loss: 0.647423
HL_Epoch29>>>>>>>>>>>>>>>>>>>>=train_accuracy: 0.944, train_loss: 0.539032,	val_accuracy: 0.742404, val_loss: 0.646098
HL_Epoch30>>>>>>>>>>>>>>>>>>>>=train_accuracy: 0.955, train_loss: 0.535603,	val_accuracy: 0.738882, val_loss: 0.646364
HL_Epoch31>>>>>>>>>>>>>>>>>>>>=train_accuracy: 0.948, train_loss: 0.535723,	val_accuracy: 0.745487, val_loss: 0.644041
HL_Epoch32>>>>>>>>>>>>>>>>>>>>=train_accuracy: 0.955, train_loss: 0.535467,	val_accuracy: 0.743725, val_loss: 0.644095
HL_Epoch33>>>>>>>>>>>>>>>>>>>>=train_accuracy: 0.962, train_loss: 0.532349,	val_accuracy: 0.744166, val_loss: 0.643403
HL_Epoch34>>>>>>>>>>>>>>>>>>>>=train_accuracy: 0.957, train_loss: 0.532784,	val_accuracy: 0.74989, val_loss: 0.641432
HL_Epoch35>>>>>>>>>>>>>>>>>>>>=train_accuracy: 0.961, train_loss: 0.531545,	val_accuracy: 0.74989, val_loss: 0.640874
HL_Epoch36>>>>>>>>>>>>>>>>>>>>=train_accuracy: 0.965, train_loss: 0.530774,	val_accuracy: 0.749009, val_loss: 0.640583
HL_Epoch37>>>>>>>>>>>>>>>>>>>>=train_accuracy: 0.962, train_loss: 0.532748,	val_accuracy: 0.748129, val_loss: 0.640344
HL_Epoch38>>>>>>>>>>>>>>>>>>>>=train_accuracy: 0.971, train_loss: 0.530345,	val_accuracy: 0.754734, val_loss: 0.63865
HL_Epoch39>>>>>>>>>>>>>>>>>>>>=train_accuracy: 0.968, train_loss: 0.530541,	val_accuracy: 0.74989, val_loss: 0.639246
HL_Epoch40>>>>>>>>>>>>>>>>>>>>=train_accuracy: 0.968, train_loss: 0.528867,	val_accuracy: 0.754293, val_loss: 0.637904
HL_Epoch41>>>>>>>>>>>>>>>>>>>>=train_accuracy: 0.97, train_loss: 0.527991,	val_accuracy: 0.750771, val_loss: 0.638392
HL_Epoch42>>>>>>>>>>>>>>>>>>>>=train_accuracy: 0.97, train_loss: 0.5283,	val_accuracy: 0.767503, val_loss: 0.634395
HL_Epoch43>>>>>>>>>>>>>>>>>>>>=train_accuracy: 0.974, train_loss: 0.525041,	val_accuracy: 0.7631, val_loss: 0.635253
HL_Epoch44>>>>>>>>>>>>>>>>>>>>=train_accuracy: 0.968, train_loss: 0.528082,	val_accuracy: 0.768384, val_loss: 0.633923
HL_Epoch45>>>>>>>>>>>>>>>>>>>>=train_accuracy: 0.968, train_loss: 0.528851,	val_accuracy: 0.769265, val_loss: 0.633168
HL_Epoch46>>>>>>>>>>>>>>>>>>>>=train_accuracy: 0.973, train_loss: 0.524662,	val_accuracy: 0.767944, val_loss: 0.633635
HL_Epoch47>>>>>>>>>>>>>>>>>>>>=train_accuracy: 0.972, train_loss: 0.525423,	val_accuracy: 0.771466, val_loss: 0.63237
HL_Epoch48>>>>>>>>>>>>>>>>>>>>=train_accuracy: 0.967, train_loss: 0.526973,	val_accuracy: 0.770145, val_loss: 0.632567
HL_Epoch49>>>>>>>>>>>>>>>>>>>>=train_accuracy: 0.973, train_loss: 0.524743,	val_accuracy: 0.774108, val_loss: 0.631178
HL_Epoch50>>>>>>>>>>>>>>>>>>>>=train_accuracy: 0.967, train_loss: 0.526288,	val_accuracy: 0.77631, val_loss: 0.63068
HL_Epoch51>>>>>>>>>>>>>>>>>>>>=train_accuracy: 0.975, train_loss: 0.523124,	val_accuracy: 0.777191, val_loss: 0.629689
HL_Epoch52>>>>>>>>>>>>>>>>>>>>=train_accuracy: 0.974, train_loss: 0.521927,	val_accuracy: 0.779833, val_loss: 0.628615
HL_Epoch53>>>>>>>>>>>>>>>>>>>>=train_accuracy: 0.977, train_loss: 0.522257,	val_accuracy: 0.784236, val_loss: 0.627034
HL_Epoch54>>>>>>>>>>>>>>>>>>>>=train_accuracy: 0.988, train_loss: 0.516897,	val_accuracy: 0.781594, val_loss: 0.627879
HL_Epoch55>>>>>>>>>>>>>>>>>>>>=train_accuracy: 0.983, train_loss: 0.521197,	val_accuracy: 0.780713, val_loss: 0.628101
HL_Epoch56>>>>>>>>>>>>>>>>>>>>=train_accuracy: 0.983, train_loss: 0.519992,	val_accuracy: 0.782475, val_loss: 0.627516
HL_Epoch57>>>>>>>>>>>>>>>>>>>>=train_accuracy: 0.983, train_loss: 0.520132,	val_accuracy: 0.785997, val_loss: 0.626883
HL_Epoch58>>>>>>>>>>>>>>>>>>>>=train_accuracy: 0.984, train_loss: 0.521507,	val_accuracy: 0.784676, val_loss: 0.627112
HL_Epoch59>>>>>>>>>>>>>>>>>>>>=train_accuracy: 0.988, train_loss: 0.518994,	val_accuracy: 0.78908, val_loss: 0.625599
HL_Epoch60>>>>>>>>>>>>>>>>>>>>=train_accuracy: 0.98, train_loss: 0.520469,	val_accuracy: 0.786878, val_loss: 0.626153
HL_Epoch61>>>>>>>>>>>>>>>>>>>>=train_accuracy: 0.99, train_loss: 0.51737,	val_accuracy: 0.787759, val_loss: 0.62587
HL_Epoch62>>>>>>>>>>>>>>>>>>>>=train_accuracy: 0.981, train_loss: 0.519731,	val_accuracy: 0.793483, val_loss: 0.623456
HL_Epoch63>>>>>>>>>>>>>>>>>>>>=train_accuracy: 0.986, train_loss: 0.518484,	val_accuracy: 0.793923, val_loss: 0.624099
HL_Epoch64>>>>>>>>>>>>>>>>>>>>=train_accuracy: 0.982, train_loss: 0.520021,	val_accuracy: 0.794804, val_loss: 0.623647
HL_Epoch65>>>>>>>>>>>>>>>>>>>>=train_accuracy: 0.982, train_loss: 0.520121,	val_accuracy: 0.794804, val_loss: 0.623154
HL_Epoch66>>>>>>>>>>>>>>>>>>>>=train_accuracy: 0.981, train_loss: 0.519307,	val_accuracy: 0.795244, val_loss: 0.623204
HL_Epoch67>>>>>>>>>>>>>>>>>>>>=train_accuracy: 0.983, train_loss: 0.518434,	val_accuracy: 0.793923, val_loss: 0.622234
HL_Epoch68>>>>>>>>>>>>>>>>>>>>=train_accuracy: 0.981, train_loss: 0.519465,	val_accuracy: 0.794804, val_loss: 0.622363
HL_Epoch69>>>>>>>>>>>>>>>>>>>>=train_accuracy: 0.986, train_loss: 0.516499,	val_accuracy: 0.793043, val_loss: 0.623586
HL_Epoch70>>>>>>>>>>>>>>>>>>>>=train_accuracy: 0.982, train_loss: 0.518281,	val_accuracy: 0.793043, val_loss: 0.623226
HL_Epoch71>>>>>>>>>>>>>>>>>>>>=train_accuracy: 0.982, train_loss: 0.518436,	val_accuracy: 0.795244, val_loss: 0.622192
HL_Epoch72>>>>>>>>>>>>>>>>>>>>=train_accuracy: 0.983, train_loss: 0.518468,	val_accuracy: 0.797446, val_loss: 0.619797
HL_Epoch73>>>>>>>>>>>>>>>>>>>>=train_accuracy: 0.974, train_loss: 0.522192,	val_accuracy: 0.795685, val_loss: 0.620636
HL_Epoch74>>>>>>>>>>>>>>>>>>>>=train_accuracy: 0.987, train_loss: 0.515629,	val_accuracy: 0.795685, val_loss: 0.620872
HL_Epoch75>>>>>>>>>>>>>>>>>>>>=train_accuracy: 0.982, train_loss: 0.517644,	val_accuracy: 0.795685, val_loss: 0.620906
HL_Epoch76>>>>>>>>>>>>>>>>>>>>=train_accuracy: 0.982, train_loss: 0.517382,	val_accuracy: 0.797006, val_loss: 0.619766
HL_Epoch77>>>>>>>>>>>>>>>>>>>>=train_accuracy: 0.985, train_loss: 0.516034,	val_accuracy: 0.797446, val_loss: 0.619788
HL_Epoch78>>>>>>>>>>>>>>>>>>>>=train_accuracy: 0.985, train_loss: 0.515973,	val_accuracy: 0.795244, val_loss: 0.620648
HL_Epoch79>>>>>>>>>>>>>>>>>>>>=train_accuracy: 0.982, train_loss: 0.517145,	val_accuracy: 0.799207, val_loss: 0.618637
HL_Epoch80>>>>>>>>>>>>>>>>>>>>=train_accuracy: 0.986, train_loss: 0.515831,	val_accuracy: 0.797886, val_loss: 0.619085
HL_Epoch81>>>>>>>>>>>>>>>>>>>>=train_accuracy: 0.98, train_loss: 0.518428,	val_accuracy: 0.796565, val_loss: 0.619984
HL_Epoch82>>>>>>>>>>>>>>>>>>>>=train_accuracy: 0.983, train_loss: 0.516777,	val_accuracy: 0.797886, val_loss: 0.619083
HL_Epoch83>>>>>>>>>>>>>>>>>>>>=train_accuracy: 0.985, train_loss: 0.514889,	val_accuracy: 0.796565, val_loss: 0.619391
HL_Epoch84>>>>>>>>>>>>>>>>>>>>=train_accuracy: 0.985, train_loss: 0.515172,	val_accuracy: 0.797446, val_loss: 0.618964
HL_Epoch85>>>>>>>>>>>>>>>>>>>>=train_accuracy: 0.983, train_loss: 0.515638,	val_accuracy: 0.797006, val_loss: 0.61908
HL_Epoch86>>>>>>>>>>>>>>>>>>>>=train_accuracy: 0.985, train_loss: 0.514546,	val_accuracy: 0.796565, val_loss: 0.61927
HL_Epoch87>>>>>>>>>>>>>>>>>>>>=train_accuracy: 0.986, train_loss: 0.514726,	val_accuracy: 0.796565, val_loss: 0.619494
HL_Epoch88>>>>>>>>>>>>>>>>>>>>=train_accuracy: 0.982, train_loss: 0.516015,	val_accuracy: 0.797446, val_loss: 0.619104
HL_Epoch89>>>>>>>>>>>>>>>>>>>>=train_accuracy: 0.981, train_loss: 0.516493,	val_accuracy: 0.798767, val_loss: 0.61803
HL_Epoch90>>>>>>>>>>>>>>>>>>>>=train_accuracy: 0.986, train_loss: 0.513866,	val_accuracy: 0.797886, val_loss: 0.61842
HL_Epoch91>>>>>>>>>>>>>>>>>>>>=train_accuracy: 0.985, train_loss: 0.514224,	val_accuracy: 0.801409, val_loss: 0.61685
HL_Epoch92>>>>>>>>>>>>>>>>>>>>=train_accuracy: 0.981, train_loss: 0.516249,	val_accuracy: 0.801849, val_loss: 0.617057
HL_Epoch93>>>>>>>>>>>>>>>>>>>>=train_accuracy: 0.982, train_loss: 0.515683,	val_accuracy: 0.799648, val_loss: 0.617603
HL_Epoch94>>>>>>>>>>>>>>>>>>>>=train_accuracy: 0.985, train_loss: 0.514485,	val_accuracy: 0.797446, val_loss: 0.6186
HL_Epoch95>>>>>>>>>>>>>>>>>>>>=train_accuracy: 0.988, train_loss: 0.513134,	val_accuracy: 0.797886, val_loss: 0.617641
HL_Epoch96>>>>>>>>>>>>>>>>>>>>=train_accuracy: 0.986, train_loss: 0.513719,	val_accuracy: 0.800528, val_loss: 0.617126
HL_Epoch97>>>>>>>>>>>>>>>>>>>>=train_accuracy: 0.986, train_loss: 0.513861,	val_accuracy: 0.801409, val_loss: 0.616965
HL_Epoch98>>>>>>>>>>>>>>>>>>>>=train_accuracy: 0.982, train_loss: 0.514857,	val_accuracy: 0.800969, val_loss: 0.61698
HL_Epoch99>>>>>>>>>>>>>>>>>>>>=train_accuracy: 0.978, train_loss: 0.516722,	val_accuracy: 0.797886, val_loss: 0.617722
HL_Epoch100>>>>>>>>>>>>>>>>>>>>=train_accuracy: 0.984, train_loss: 0.514362,	val_accuracy: 0.800088, val_loss: 0.61706
HL_Epoch101>>>>>>>>>>>>>>>>>>>>=train_accuracy: 0.992, train_loss: 0.509884,	val_accuracy: 0.798327, val_loss: 0.617562
HL_Epoch102>>>>>>>>>>>>>>>>>>>>=train_accuracy: 0.99, train_loss: 0.512058,	val_accuracy: 0.798327, val_loss: 0.617502
HL_Epoch103>>>>>>>>>>>>>>>>>>>>=train_accuracy: 0.985, train_loss: 0.513674,	val_accuracy: 0.798327, val_loss: 0.617992
HL_Epoch104>>>>>>>>>>>>>>>>>>>>=train_accuracy: 0.987, train_loss: 0.512738,	val_accuracy: 0.80229, val_loss: 0.616302
HL_Epoch105>>>>>>>>>>>>>>>>>>>>=train_accuracy: 0.982, train_loss: 0.515196,	val_accuracy: 0.801409, val_loss: 0.616719
HL_Epoch106>>>>>>>>>>>>>>>>>>>>=train_accuracy: 0.984, train_loss: 0.51349,	val_accuracy: 0.800088, val_loss: 0.616912
HL_Epoch107>>>>>>>>>>>>>>>>>>>>=train_accuracy: 0.985, train_loss: 0.512985,	val_accuracy: 0.800969, val_loss: 0.616843
HL_Epoch108>>>>>>>>>>>>>>>>>>>>=train_accuracy: 0.988, train_loss: 0.51313,	val_accuracy: 0.801409, val_loss: 0.616541
HL_Epoch109>>>>>>>>>>>>>>>>>>>>=train_accuracy: 0.983, train_loss: 0.514643,	val_accuracy: 0.799207, val_loss: 0.617481
HL_Epoch110>>>>>>>>>>>>>>>>>>>>=train_accuracy: 0.981, train_loss: 0.514633,	val_accuracy: 0.801849, val_loss: 0.61678
HL_Epoch111>>>>>>>>>>>>>>>>>>>>=train_accuracy: 0.984, train_loss: 0.513215,	val_accuracy: 0.80229, val_loss: 0.616673
HL_Epoch112>>>>>>>>>>>>>>>>>>>>=train_accuracy: 0.988, train_loss: 0.51227,	val_accuracy: 0.80229, val_loss: 0.616442
HL_Epoch113>>>>>>>>>>>>>>>>>>>>=train_accuracy: 0.984, train_loss: 0.51341,	val_accuracy: 0.799207, val_loss: 0.617101
HL_Epoch114>>>>>>>>>>>>>>>>>>>>=train_accuracy: 0.985, train_loss: 0.512967,	val_accuracy: 0.801849, val_loss: 0.616737
HL_Epoch115>>>>>>>>>>>>>>>>>>>>=train_accuracy: 0.984, train_loss: 0.513123,	val_accuracy: 0.801849, val_loss: 0.616107
HL_Epoch116>>>>>>>>>>>>>>>>>>>>=train_accuracy: 0.985, train_loss: 0.512632,	val_accuracy: 0.798767, val_loss: 0.61725
HL_Epoch117>>>>>>>>>>>>>>>>>>>>=train_accuracy: 0.991, train_loss: 0.510239,	val_accuracy: 0.801409, val_loss: 0.615864
HL_Epoch118>>>>>>>>>>>>>>>>>>>>=train_accuracy: 0.986, train_loss: 0.512966,	val_accuracy: 0.799648, val_loss: 0.616969
HL_Epoch119>>>>>>>>>>>>>>>>>>>>=train_accuracy: 0.987, train_loss: 0.511571,	val_accuracy: 0.801849, val_loss: 0.616431
HL_Epoch120>>>>>>>>>>>>>>>>>>>>=train_accuracy: 0.989, train_loss: 0.510829,	val_accuracy: 0.801849, val_loss: 0.616413
HL_Epoch121>>>>>>>>>>>>>>>>>>>>=train_accuracy: 0.985, train_loss: 0.512858,	val_accuracy: 0.801849, val_loss: 0.616501
HL_Epoch122>>>>>>>>>>>>>>>>>>>>=train_accuracy: 0.987, train_loss: 0.511563,	val_accuracy: 0.800528, val_loss: 0.616787
HL_Epoch123>>>>>>>>>>>>>>>>>>>>=train_accuracy: 0.987, train_loss: 0.511557,	val_accuracy: 0.80273, val_loss: 0.61575
HL_Epoch124>>>>>>>>>>>>>>>>>>>>=train_accuracy: 0.984, train_loss: 0.512784,	val_accuracy: 0.801409, val_loss: 0.616494
HL_Epoch125>>>>>>>>>>>>>>>>>>>>=train_accuracy: 0.98, train_loss: 0.514594,	val_accuracy: 0.801849, val_loss: 0.616152
HL_Epoch126>>>>>>>>>>>>>>>>>>>>=train_accuracy: 0.983, train_loss: 0.513726,	val_accuracy: 0.800528, val_loss: 0.616782
HL_Epoch127>>>>>>>>>>>>>>>>>>>>=train_accuracy: 0.984, train_loss: 0.512565,	val_accuracy: 0.801849, val_loss: 0.616458
HL_Epoch128>>>>>>>>>>>>>>>>>>>>=train_accuracy: 0.982, train_loss: 0.513957,	val_accuracy: 0.800528, val_loss: 0.616862
HL_Epoch129>>>>>>>>>>>>>>>>>>>>=train_accuracy: 0.986, train_loss: 0.511579,	val_accuracy: 0.80229, val_loss: 0.616173
HL_Epoch130>>>>>>>>>>>>>>>>>>>>=train_accuracy: 0.99, train_loss: 0.510369,	val_accuracy: 0.801849, val_loss: 0.616329
HL_Epoch131>>>>>>>>>>>>>>>>>>>>=train_accuracy: 0.986, train_loss: 0.511532,	val_accuracy: 0.801409, val_loss: 0.616521
HL_Epoch132>>>>>>>>>>>>>>>>>>>>=train_accuracy: 0.982, train_loss: 0.513649,	val_accuracy: 0.804051, val_loss: 0.615525
HL_Epoch133>>>>>>>>>>>>>>>>>>>>=train_accuracy: 0.986, train_loss: 0.511958,	val_accuracy: 0.803611, val_loss: 0.615713
HL_Epoch134>>>>>>>>>>>>>>>>>>>>=train_accuracy: 0.981, train_loss: 0.514052,	val_accuracy: 0.80229, val_loss: 0.615822
HL_Epoch135>>>>>>>>>>>>>>>>>>>>=train_accuracy: 0.981, train_loss: 0.51423,	val_accuracy: 0.80229, val_loss: 0.616251
HL_Epoch136>>>>>>>>>>>>>>>>>>>>=train_accuracy: 0.987, train_loss: 0.511308,	val_accuracy: 0.801849, val_loss: 0.616442
HL_Epoch137>>>>>>>>>>>>>>>>>>>>=train_accuracy: 0.98, train_loss: 0.514671,	val_accuracy: 0.801849, val_loss: 0.616254
HL_Epoch138>>>>>>>>>>>>>>>>>>>>=train_accuracy: 0.982, train_loss: 0.513663,	val_accuracy: 0.801849, val_loss: 0.616534
HL_Epoch139>>>>>>>>>>>>>>>>>>>>=train_accuracy: 0.984, train_loss: 0.512756,	val_accuracy: 0.80317, val_loss: 0.615824
HL_Epoch140>>>>>>>>>>>>>>>>>>>>=train_accuracy: 0.988, train_loss: 0.510827,	val_accuracy: 0.80229, val_loss: 0.616071
HL_Epoch141>>>>>>>>>>>>>>>>>>>>=train_accuracy: 0.983, train_loss: 0.513145,	val_accuracy: 0.80229, val_loss: 0.616084
HL_Epoch142>>>>>>>>>>>>>>>>>>>>=train_accuracy: 0.985, train_loss: 0.512271,	val_accuracy: 0.80273, val_loss: 0.616022
HL_Epoch143>>>>>>>>>>>>>>>>>>>>=train_accuracy: 0.988, train_loss: 0.510853,	val_accuracy: 0.800969, val_loss: 0.616454
HL_Epoch144>>>>>>>>>>>>>>>>>>>>=train_accuracy: 0.984, train_loss: 0.512749,	val_accuracy: 0.804051, val_loss: 0.615886
HL_Epoch145>>>>>>>>>>>>>>>>>>>>=train_accuracy: 0.989, train_loss: 0.510139,	val_accuracy: 0.799648, val_loss: 0.616682
HL_Epoch146>>>>>>>>>>>>>>>>>>>>=train_accuracy: 0.989, train_loss: 0.509974,	val_accuracy: 0.801409, val_loss: 0.616521
HL_Epoch147>>>>>>>>>>>>>>>>>>>>=train_accuracy: 0.988, train_loss: 0.51087,	val_accuracy: 0.80229, val_loss: 0.616308
HL_Epoch148>>>>>>>>>>>>>>>>>>>>=train_accuracy: 0.989, train_loss: 0.509902,	val_accuracy: 0.805372, val_loss: 0.615558
HL_Epoch149>>>>>>>>>>>>>>>>>>>>=train_accuracy: 0.988, train_loss: 0.509978,	val_accuracy: 0.80273, val_loss: 0.61645
HL_Epoch150>>>>>>>>>>>>>>>>>>>>=train_accuracy: 0.989, train_loss: 0.510091,	val_accuracy: 0.800528, val_loss: 0.616805
HL_Epoch151>>>>>>>>>>>>>>>>>>>>=train_accuracy: 0.982, train_loss: 0.513441,	val_accuracy: 0.80317, val_loss: 0.616314
HL_Epoch152>>>>>>>>>>>>>>>>>>>>=train_accuracy: 0.99, train_loss: 0.509544,	val_accuracy: 0.803611, val_loss: 0.615926
HL_Epoch153>>>>>>>>>>>>>>>>>>>>=train_accuracy: 0.989, train_loss: 0.510605,	val_accuracy: 0.80273, val_loss: 0.616287
HL_Epoch154>>>>>>>>>>>>>>>>>>>>=train_accuracy: 0.991, train_loss: 0.50903,	val_accuracy: 0.80273, val_loss: 0.61685
HL_Epoch155>>>>>>>>>>>>>>>>>>>>=train_accuracy: 0.993, train_loss: 0.507768,	val_accuracy: 0.803611, val_loss: 0.616203
HL_Epoch156>>>>>>>>>>>>>>>>>>>>=train_accuracy: 0.985, train_loss: 0.512044,	val_accuracy: 0.803611, val_loss: 0.61613
HL_Epoch157>>>>>>>>>>>>>>>>>>>>=train_accuracy: 0.983, train_loss: 0.512645,	val_accuracy: 0.801849, val_loss: 0.617097
HL_Epoch158>>>>>>>>>>>>>>>>>>>>=train_accuracy: 0.984, train_loss: 0.511765,	val_accuracy: 0.804051, val_loss: 0.615984
HL_Epoch159>>>>>>>>>>>>>>>>>>>>=train_accuracy: 0.988, train_loss: 0.510389,	val_accuracy: 0.804051, val_loss: 0.616274
HL_Epoch160>>>>>>>>>>>>>>>>>>>>=train_accuracy: 0.988, train_loss: 0.510202,	val_accuracy: 0.804051, val_loss: 0.616503
HL_Epoch161>>>>>>>>>>>>>>>>>>>>=train_accuracy: 0.986, train_loss: 0.511432,	val_accuracy: 0.804051, val_loss: 0.6166
HL_Epoch162>>>>>>>>>>>>>>>>>>>>=train_accuracy: 0.983, train_loss: 0.512818,	val_accuracy: 0.804051, val_loss: 0.615776
HL_Epoch163>>>>>>>>>>>>>>>>>>>>=train_accuracy: 0.984, train_loss: 0.511965,	val_accuracy: 0.80317, val_loss: 0.616314
HL_Epoch164>>>>>>>>>>>>>>>>>>>>=train_accuracy: 0.984, train_loss: 0.512593,	val_accuracy: 0.803611, val_loss: 0.616333
HL_Epoch165>>>>>>>>>>>>>>>>>>>>=train_accuracy: 0.99, train_loss: 0.509363,	val_accuracy: 0.80229, val_loss: 0.616517
HL_Epoch166>>>>>>>>>>>>>>>>>>>>=train_accuracy: 0.992, train_loss: 0.508297,	val_accuracy: 0.80273, val_loss: 0.616463
HL_Epoch167>>>>>>>>>>>>>>>>>>>>=train_accuracy: 0.988, train_loss: 0.510163,	val_accuracy: 0.80273, val_loss: 0.616538
HL_Epoch168>>>>>>>>>>>>>>>>>>>>=train_accuracy: 0.978, train_loss: 0.514885,	val_accuracy: 0.805372, val_loss: 0.615579
HL_Epoch169>>>>>>>>>>>>>>>>>>>>=train_accuracy: 0.986, train_loss: 0.511389,	val_accuracy: 0.80229, val_loss: 0.616714
HL_Epoch170>>>>>>>>>>>>>>>>>>>>=train_accuracy: 0.984, train_loss: 0.512051,	val_accuracy: 0.805372, val_loss: 0.615712
HL_Epoch171>>>>>>>>>>>>>>>>>>>>=train_accuracy: 0.988, train_loss: 0.51035,	val_accuracy: 0.805372, val_loss: 0.61547
HL_Epoch172>>>>>>>>>>>>>>>>>>>>=train_accuracy: 0.986, train_loss: 0.511122,	val_accuracy: 0.80229, val_loss: 0.616178
HL_Epoch173>>>>>>>>>>>>>>>>>>>>=train_accuracy: 0.985, train_loss: 0.512138,	val_accuracy: 0.801849, val_loss: 0.616254
HL_Epoch174>>>>>>>>>>>>>>>>>>>>=train_accuracy: 0.985, train_loss: 0.511765,	val_accuracy: 0.80273, val_loss: 0.615985
HL_Epoch175>>>>>>>>>>>>>>>>>>>>=train_accuracy: 0.987, train_loss: 0.510581,	val_accuracy: 0.806253, val_loss: 0.615277
HL_Epoch176>>>>>>>>>>>>>>>>>>>>=train_accuracy: 0.992, train_loss: 0.508612,	val_accuracy: 0.798767, val_loss: 0.61676
HL_Epoch177>>>>>>>>>>>>>>>>>>>>=train_accuracy: 0.984, train_loss: 0.511897,	val_accuracy: 0.803611, val_loss: 0.615762
HL_Epoch178>>>>>>>>>>>>>>>>>>>>=train_accuracy: 0.989, train_loss: 0.509291,	val_accuracy: 0.800528, val_loss: 0.616646
HL_Epoch179>>>>>>>>>>>>>>>>>>>>=train_accuracy: 0.991, train_loss: 0.508756,	val_accuracy: 0.801409, val_loss: 0.616292
HL_Epoch180>>>>>>>>>>>>>>>>>>>>=train_accuracy: 0.988, train_loss: 0.51005,	val_accuracy: 0.792602, val_loss: 0.61737
HL_Epoch181>>>>>>>>>>>>>>>>>>>>=train_accuracy: 0.986, train_loss: 0.511259,	val_accuracy: 0.801409, val_loss: 0.615966
HL_Epoch182>>>>>>>>>>>>>>>>>>>>=train_accuracy: 0.989, train_loss: 0.509653,	val_accuracy: 0.798327, val_loss: 0.616575
HL_Epoch183>>>>>>>>>>>>>>>>>>>>=train_accuracy: 0.988, train_loss: 0.509831,	val_accuracy: 0.795685, val_loss: 0.616856
HL_Epoch184>>>>>>>>>>>>>>>>>>>>=train_accuracy: 0.987, train_loss: 0.511213,	val_accuracy: 0.797446, val_loss: 0.616358
HL_Epoch185>>>>>>>>>>>>>>>>>>>>=train_accuracy: 0.987, train_loss: 0.510862,	val_accuracy: 0.797006, val_loss: 0.616453
HL_Epoch186>>>>>>>>>>>>>>>>>>>>=train_accuracy: 0.989, train_loss: 0.510045,	val_accuracy: 0.797446, val_loss: 0.616404
HL_Epoch187>>>>>>>>>>>>>>>>>>>>=train_accuracy: 0.987, train_loss: 0.510497,	val_accuracy: 0.794804, val_loss: 0.616633
HL_Epoch188>>>>>>>>>>>>>>>>>>>>=train_accuracy: 0.99, train_loss: 0.508922,	val_accuracy: 0.790401, val_loss: 0.61756
HL_Epoch189>>>>>>>>>>>>>>>>>>>>=train_accuracy: 0.99, train_loss: 0.508602,	val_accuracy: 0.793483, val_loss: 0.616737
HL_Epoch190>>>>>>>>>>>>>>>>>>>>=train_accuracy: 0.989, train_loss: 0.509943,	val_accuracy: 0.795685, val_loss: 0.616223
HL_Epoch191>>>>>>>>>>>>>>>>>>>>=train_accuracy: 0.99, train_loss: 0.50925,	val_accuracy: 0.794364, val_loss: 0.616476
HL_Epoch192>>>>>>>>>>>>>>>>>>>>=train_accuracy: 0.986, train_loss: 0.510787,	val_accuracy: 0.793923, val_loss: 0.616633
HL_Epoch193>>>>>>>>>>>>>>>>>>>>=train_accuracy: 0.991, train_loss: 0.509159,	val_accuracy: 0.793483, val_loss: 0.616499
HL_Epoch194>>>>>>>>>>>>>>>>>>>>=train_accuracy: 0.989, train_loss: 0.50907,	val_accuracy: 0.794364, val_loss: 0.616378
HL_Epoch195>>>>>>>>>>>>>>>>>>>>=train_accuracy: 0.991, train_loss: 0.508909,	val_accuracy: 0.793483, val_loss: 0.616509
HL_Epoch196>>>>>>>>>>>>>>>>>>>>=train_accuracy: 0.993, train_loss: 0.507739,	val_accuracy: 0.794804, val_loss: 0.616325
HL_Epoch197>>>>>>>>>>>>>>>>>>>>=train_accuracy: 0.993, train_loss: 0.50753,	val_accuracy: 0.788639, val_loss: 0.617952
HL_Epoch198>>>>>>>>>>>>>>>>>>>>=train_accuracy: 0.99, train_loss: 0.509449,	val_accuracy: 0.791281, val_loss: 0.616862
HL_Epoch199>>>>>>>>>>>>>>>>>>>>=train_accuracy: 0.988, train_loss: 0.510313,	val_accuracy: 0.791722, val_loss: 0.616738
HL_Epoch200>>>>>>>>>>>>>>>>>>>>=train_accuracy: 0.99, train_loss: 0.508987,	val_accuracy: 0.790841, val_loss: 0.617282
HL_Epoch201>>>>>>>>>>>>>>>>>>>>=train_accuracy: 0.989, train_loss: 0.509599,	val_accuracy: 0.78908, val_loss: 0.61764
HL_Epoch202>>>>>>>>>>>>>>>>>>>>=train_accuracy: 0.99, train_loss: 0.508969,	val_accuracy: 0.790401, val_loss: 0.616951
HL_Epoch203>>>>>>>>>>>>>>>>>>>>=train_accuracy: 0.988, train_loss: 0.509609,	val_accuracy: 0.78952, val_loss: 0.617105
HL_Epoch204>>>>>>>>>>>>>>>>>>>>=train_accuracy: 0.987, train_loss: 0.510415,	val_accuracy: 0.788639, val_loss: 0.617371
HL_Epoch205>>>>>>>>>>>>>>>>>>>>=train_accuracy: 0.991, train_loss: 0.508535,	val_accuracy: 0.788639, val_loss: 0.617701
HL_Epoch206>>>>>>>>>>>>>>>>>>>>=train_accuracy: 0.988, train_loss: 0.509809,	val_accuracy: 0.788199, val_loss: 0.617254
HL_Epoch207>>>>>>>>>>>>>>>>>>>>=train_accuracy: 0.99, train_loss: 0.509211,	val_accuracy: 0.788199, val_loss: 0.617645
HL_Epoch208>>>>>>>>>>>>>>>>>>>>=train_accuracy: 0.991, train_loss: 0.508576,	val_accuracy: 0.788199, val_loss: 0.61756
HL_Epoch209>>>>>>>>>>>>>>>>>>>>=train_accuracy: 0.991, train_loss: 0.508602,	val_accuracy: 0.788199, val_loss: 0.617763
HL_Epoch210>>>>>>>>>>>>>>>>>>>>=train_accuracy: 0.989, train_loss: 0.509847,	val_accuracy: 0.788199, val_loss: 0.618181
HL_Epoch211>>>>>>>>>>>>>>>>>>>>=train_accuracy: 0.992, train_loss: 0.508518,	val_accuracy: 0.78908, val_loss: 0.617576
HL_Epoch212>>>>>>>>>>>>>>>>>>>>=train_accuracy: 0.991, train_loss: 0.508314,	val_accuracy: 0.787759, val_loss: 0.6185
HL_Epoch213>>>>>>>>>>>>>>>>>>>>=train_accuracy: 0.992, train_loss: 0.50887,	val_accuracy: 0.788199, val_loss: 0.617768
HL_Epoch214>>>>>>>>>>>>>>>>>>>>=train_accuracy: 0.992, train_loss: 0.50835,	val_accuracy: 0.787318, val_loss: 0.618079
HL_Epoch215>>>>>>>>>>>>>>>>>>>>=train_accuracy: 0.99, train_loss: 0.509954,	val_accuracy: 0.787318, val_loss: 0.617979
HL_Epoch216>>>>>>>>>>>>>>>>>>>>=train_accuracy: 0.99, train_loss: 0.509487,	val_accuracy: 0.787759, val_loss: 0.61819
HL_Epoch217>>>>>>>>>>>>>>>>>>>>=train_accuracy: 0.992, train_loss: 0.508873,	val_accuracy: 0.786878, val_loss: 0.618107
HL_Epoch218>>>>>>>>>>>>>>>>>>>>=train_accuracy: 0.991, train_loss: 0.508847,	val_accuracy: 0.784236, val_loss: 0.618745
HL_Epoch219>>>>>>>>>>>>>>>>>>>>=train_accuracy: 0.99, train_loss: 0.508864,	val_accuracy: 0.783796, val_loss: 0.618818
HL_Epoch220>>>>>>>>>>>>>>>>>>>>=train_accuracy: 0.992, train_loss: 0.507656,	val_accuracy: 0.783796, val_loss: 0.619083
HL_Epoch221>>>>>>>>>>>>>>>>>>>>=train_accuracy: 0.994, train_loss: 0.506856,	val_accuracy: 0.782034, val_loss: 0.619412
HL_Epoch222>>>>>>>>>>>>>>>>>>>>=train_accuracy: 0.989, train_loss: 0.50926,	val_accuracy: 0.783355, val_loss: 0.619023
HL_Epoch223>>>>>>>>>>>>>>>>>>>>=train_accuracy: 0.99, train_loss: 0.508934,	val_accuracy: 0.781154, val_loss: 0.619545
HL_Epoch224>>>>>>>>>>>>>>>>>>>>=train_accuracy: 0.992, train_loss: 0.508092,	val_accuracy: 0.780273, val_loss: 0.619753
HL_Epoch225>>>>>>>>>>>>>>>>>>>>=train_accuracy: 0.989, train_loss: 0.50954,	val_accuracy: 0.781594, val_loss: 0.619432
HL_Epoch226>>>>>>>>>>>>>>>>>>>>=train_accuracy: 0.991, train_loss: 0.508552,	val_accuracy: 0.781154, val_loss: 0.619112
HL_Epoch227>>>>>>>>>>>>>>>>>>>>=train_accuracy: 0.993, train_loss: 0.50742,	val_accuracy: 0.777191, val_loss: 0.62067
HL_Epoch228>>>>>>>>>>>>>>>>>>>>=train_accuracy: 0.992, train_loss: 0.508892,	val_accuracy: 0.779392, val_loss: 0.619092
HL_Epoch229>>>>>>>>>>>>>>>>>>>>=train_accuracy: 0.992, train_loss: 0.507985,	val_accuracy: 0.777631, val_loss: 0.620312
HL_Epoch230>>>>>>>>>>>>>>>>>>>>=train_accuracy: 0.992, train_loss: 0.508276,	val_accuracy: 0.77675, val_loss: 0.620415
HL_Epoch231>>>>>>>>>>>>>>>>>>>>=train_accuracy: 0.993, train_loss: 0.50777,	val_accuracy: 0.777191, val_loss: 0.620034
HL_Epoch232>>>>>>>>>>>>>>>>>>>>=train_accuracy: 0.993, train_loss: 0.507473,	val_accuracy: 0.771907, val_loss: 0.621378
HL_Epoch233>>>>>>>>>>>>>>>>>>>>=train_accuracy: 0.992, train_loss: 0.507708,	val_accuracy: 0.77631, val_loss: 0.620455
HL_Epoch234>>>>>>>>>>>>>>>>>>>>=train_accuracy: 0.992, train_loss: 0.508618,	val_accuracy: 0.77631, val_loss: 0.620008
HL_Epoch235>>>>>>>>>>>>>>>>>>>>=train_accuracy: 0.992, train_loss: 0.507563,	val_accuracy: 0.774108, val_loss: 0.620492
HL_Epoch236>>>>>>>>>>>>>>>>>>>>=train_accuracy: 0.994, train_loss: 0.507654,	val_accuracy: 0.774108, val_loss: 0.62061
HL_Epoch237>>>>>>>>>>>>>>>>>>>>=train_accuracy: 0.995, train_loss: 0.506874,	val_accuracy: 0.772347, val_loss: 0.621178
HL_Epoch238>>>>>>>>>>>>>>>>>>>>=train_accuracy: 0.992, train_loss: 0.50767,	val_accuracy: 0.772347, val_loss: 0.621391
HL_Epoch239>>>>>>>>>>>>>>>>>>>>=train_accuracy: 0.994, train_loss: 0.507299,	val_accuracy: 0.772347, val_loss: 0.621016
HL_Epoch240>>>>>>>>>>>>>>>>>>>>=train_accuracy: 0.991, train_loss: 0.508764,	val_accuracy: 0.771466, val_loss: 0.620795
HL_Epoch241>>>>>>>>>>>>>>>>>>>>=train_accuracy: 0.989, train_loss: 0.509585,	val_accuracy: 0.771026, val_loss: 0.621115
HL_Epoch242>>>>>>>>>>>>>>>>>>>>=train_accuracy: 0.996, train_loss: 0.50614,	val_accuracy: 0.771466, val_loss: 0.621824
HL_Epoch243>>>>>>>>>>>>>>>>>>>>=train_accuracy: 0.99, train_loss: 0.509021,	val_accuracy: 0.771466, val_loss: 0.621475
HL_Epoch244>>>>>>>>>>>>>>>>>>>>=train_accuracy: 0.995, train_loss: 0.507061,	val_accuracy: 0.770586, val_loss: 0.62118
HL_Epoch245>>>>>>>>>>>>>>>>>>>>=train_accuracy: 0.991, train_loss: 0.508669,	val_accuracy: 0.771026, val_loss: 0.621423
HL_Epoch246>>>>>>>>>>>>>>>>>>>>=train_accuracy: 0.992, train_loss: 0.508167,	val_accuracy: 0.769705, val_loss: 0.622163
HL_Epoch247>>>>>>>>>>>>>>>>>>>>=train_accuracy: 0.995, train_loss: 0.506385,	val_accuracy: 0.770145, val_loss: 0.62201
HL_Epoch248>>>>>>>>>>>>>>>>>>>>=train_accuracy: 0.993, train_loss: 0.507045,	val_accuracy: 0.768824, val_loss: 0.622706
HL_Epoch249>>>>>>>>>>>>>>>>>>>>=train_accuracy: 0.993, train_loss: 0.507266,	val_accuracy: 0.767063, val_loss: 0.623552
HL_Epoch250>>>>>>>>>>>>>>>>>>>>=train_accuracy: 0.994, train_loss: 0.507091,	val_accuracy: 0.768824, val_loss: 0.622967
