AL_Epoch1>>>>>>>>>>>>>>>>>>>>=train_accuracy: 0.576, train_loss: 0.703399,	val_accuracy: 0.609079, val_loss: 0.701601
AL_Epoch2>>>>>>>>>>>>>>>>>>>>=train_accuracy: 0.626, train_loss: 0.690545,	val_accuracy: 0.587924, val_loss: 0.697182
AL_Epoch3>>>>>>>>>>>>>>>>>>>>=train_accuracy: 0.632, train_loss: 0.687665,	val_accuracy: 0.571617, val_loss: 0.69654
AL_Epoch4>>>>>>>>>>>>>>>>>>>>=train_accuracy: 0.662, train_loss: 0.676005,	val_accuracy: 0.565447, val_loss: 0.696715
AL_Epoch5>>>>>>>>>>>>>>>>>>>>=train_accuracy: 0.669, train_loss: 0.673441,	val_accuracy: 0.565447, val_loss: 0.696816
AL_Epoch6>>>>>>>>>>>>>>>>>>>>=train_accuracy: 0.659, train_loss: 0.674773,	val_accuracy: 0.566329, val_loss: 0.696579
AL_Epoch7>>>>>>>>>>>>>>>>>>>>=train_accuracy: 0.683, train_loss: 0.668404,	val_accuracy: 0.566769, val_loss: 0.696314
AL_Epoch8>>>>>>>>>>>>>>>>>>>>=train_accuracy: 0.667, train_loss: 0.67344,	val_accuracy: 0.569414, val_loss: 0.695441
AL_Epoch9>>>>>>>>>>>>>>>>>>>>=train_accuracy: 0.687, train_loss: 0.663677,	val_accuracy: 0.571617, val_loss: 0.694733
AL_Epoch10>>>>>>>>>>>>>>>>>>>>=train_accuracy: 0.67, train_loss: 0.666086,	val_accuracy: 0.573821, val_loss: 0.693797
AL_Epoch11>>>>>>>>>>>>>>>>>>>>=train_accuracy: 0.696, train_loss: 0.658406,	val_accuracy: 0.576465, val_loss: 0.692977
AL_Epoch12>>>>>>>>>>>>>>>>>>>>=train_accuracy: 0.662, train_loss: 0.668799,	val_accuracy: 0.57955, val_loss: 0.691803
AL_Epoch13>>>>>>>>>>>>>>>>>>>>=train_accuracy: 0.687, train_loss: 0.662354,	val_accuracy: 0.583076, val_loss: 0.690654
AL_Epoch14>>>>>>>>>>>>>>>>>>>>=train_accuracy: 0.705, train_loss: 0.655833,	val_accuracy: 0.583958, val_loss: 0.689945
AL_Epoch15>>>>>>>>>>>>>>>>>>>>=train_accuracy: 0.669, train_loss: 0.664609,	val_accuracy: 0.587483, val_loss: 0.688934
AL_Epoch16>>>>>>>>>>>>>>>>>>>>=train_accuracy: 0.69, train_loss: 0.658043,	val_accuracy: 0.591009, val_loss: 0.687853
AL_Epoch17>>>>>>>>>>>>>>>>>>>>=train_accuracy: 0.707, train_loss: 0.653097,	val_accuracy: 0.596298, val_loss: 0.686709
AL_Epoch18>>>>>>>>>>>>>>>>>>>>=train_accuracy: 0.713, train_loss: 0.649899,	val_accuracy: 0.598502, val_loss: 0.68542
AL_Epoch19>>>>>>>>>>>>>>>>>>>>=train_accuracy: 0.719, train_loss: 0.648968,	val_accuracy: 0.60379, val_loss: 0.684137
AL_Epoch20>>>>>>>>>>>>>>>>>>>>=train_accuracy: 0.72, train_loss: 0.646109,	val_accuracy: 0.606435, val_loss: 0.682759
AL_Epoch21>>>>>>>>>>>>>>>>>>>>=train_accuracy: 0.726, train_loss: 0.64304,	val_accuracy: 0.60952, val_loss: 0.681638
AL_Epoch22>>>>>>>>>>>>>>>>>>>>=train_accuracy: 0.724, train_loss: 0.64735,	val_accuracy: 0.614368, val_loss: 0.680654
AL_Epoch23>>>>>>>>>>>>>>>>>>>>=train_accuracy: 0.704, train_loss: 0.651006,	val_accuracy: 0.615249, val_loss: 0.680013
AL_Epoch24>>>>>>>>>>>>>>>>>>>>=train_accuracy: 0.728, train_loss: 0.64198,	val_accuracy: 0.61613, val_loss: 0.679528
AL_Epoch25>>>>>>>>>>>>>>>>>>>>=train_accuracy: 0.745, train_loss: 0.637596,	val_accuracy: 0.619656, val_loss: 0.678795
AL_Epoch26>>>>>>>>>>>>>>>>>>>>=train_accuracy: 0.716, train_loss: 0.647996,	val_accuracy: 0.620978, val_loss: 0.678109
AL_Epoch27>>>>>>>>>>>>>>>>>>>>=train_accuracy: 0.726, train_loss: 0.639405,	val_accuracy: 0.623182, val_loss: 0.677272
AL_Epoch28>>>>>>>>>>>>>>>>>>>>=train_accuracy: 0.727, train_loss: 0.641657,	val_accuracy: 0.624504, val_loss: 0.67634
AL_Epoch29>>>>>>>>>>>>>>>>>>>>=train_accuracy: 0.736, train_loss: 0.634168,	val_accuracy: 0.626267, val_loss: 0.675617
AL_Epoch30>>>>>>>>>>>>>>>>>>>>=train_accuracy: 0.748, train_loss: 0.632283,	val_accuracy: 0.628471, val_loss: 0.675131
AL_Epoch31>>>>>>>>>>>>>>>>>>>>=train_accuracy: 0.74, train_loss: 0.635468,	val_accuracy: 0.631115, val_loss: 0.674302
AL_Epoch32>>>>>>>>>>>>>>>>>>>>=train_accuracy: 0.76, train_loss: 0.628562,	val_accuracy: 0.632878, val_loss: 0.673694
AL_Epoch33>>>>>>>>>>>>>>>>>>>>=train_accuracy: 0.732, train_loss: 0.637879,	val_accuracy: 0.637726, val_loss: 0.672682
AL_Epoch34>>>>>>>>>>>>>>>>>>>>=train_accuracy: 0.761, train_loss: 0.629028,	val_accuracy: 0.639929, val_loss: 0.671922
AL_Epoch35>>>>>>>>>>>>>>>>>>>>=train_accuracy: 0.748, train_loss: 0.63611,	val_accuracy: 0.642133, val_loss: 0.671093
AL_Epoch36>>>>>>>>>>>>>>>>>>>>=train_accuracy: 0.77, train_loss: 0.626858,	val_accuracy: 0.645659, val_loss: 0.670435
AL_Epoch37>>>>>>>>>>>>>>>>>>>>=train_accuracy: 0.754, train_loss: 0.629625,	val_accuracy: 0.647422, val_loss: 0.66988
AL_Epoch38>>>>>>>>>>>>>>>>>>>>=train_accuracy: 0.754, train_loss: 0.629372,	val_accuracy: 0.650507, val_loss: 0.668936
AL_Epoch39>>>>>>>>>>>>>>>>>>>>=train_accuracy: 0.757, train_loss: 0.629432,	val_accuracy: 0.653151, val_loss: 0.668222
AL_Epoch40>>>>>>>>>>>>>>>>>>>>=train_accuracy: 0.774, train_loss: 0.626744,	val_accuracy: 0.654033, val_loss: 0.667702
AL_Epoch41>>>>>>>>>>>>>>>>>>>>=train_accuracy: 0.774, train_loss: 0.624543,	val_accuracy: 0.655796, val_loss: 0.66698
AL_Epoch42>>>>>>>>>>>>>>>>>>>>=train_accuracy: 0.782, train_loss: 0.621375,	val_accuracy: 0.657999, val_loss: 0.666414
AL_Epoch43>>>>>>>>>>>>>>>>>>>>=train_accuracy: 0.772, train_loss: 0.625037,	val_accuracy: 0.661084, val_loss: 0.66589
AL_Epoch44>>>>>>>>>>>>>>>>>>>>=train_accuracy: 0.775, train_loss: 0.62497,	val_accuracy: 0.66461, val_loss: 0.665204
AL_Epoch45>>>>>>>>>>>>>>>>>>>>=train_accuracy: 0.755, train_loss: 0.62695,	val_accuracy: 0.66461, val_loss: 0.664795
AL_Epoch46>>>>>>>>>>>>>>>>>>>>=train_accuracy: 0.764, train_loss: 0.626542,	val_accuracy: 0.665051, val_loss: 0.66425
AL_Epoch47>>>>>>>>>>>>>>>>>>>>=train_accuracy: 0.775, train_loss: 0.624885,	val_accuracy: 0.665932, val_loss: 0.663669
AL_Epoch48>>>>>>>>>>>>>>>>>>>>=train_accuracy: 0.771, train_loss: 0.623129,	val_accuracy: 0.668136, val_loss: 0.663027
AL_Epoch49>>>>>>>>>>>>>>>>>>>>=train_accuracy: 0.774, train_loss: 0.624803,	val_accuracy: 0.669899, val_loss: 0.662483
AL_Epoch50>>>>>>>>>>>>>>>>>>>>=train_accuracy: 0.781, train_loss: 0.621652,	val_accuracy: 0.672102, val_loss: 0.661991
AL_Epoch51>>>>>>>>>>>>>>>>>>>>=train_accuracy: 0.774, train_loss: 0.620694,	val_accuracy: 0.673424, val_loss: 0.66124
AL_Epoch52>>>>>>>>>>>>>>>>>>>>=train_accuracy: 0.782, train_loss: 0.62247,	val_accuracy: 0.674306, val_loss: 0.660783
AL_Epoch53>>>>>>>>>>>>>>>>>>>>=train_accuracy: 0.802, train_loss: 0.613569,	val_accuracy: 0.675187, val_loss: 0.660212
AL_Epoch54>>>>>>>>>>>>>>>>>>>>=train_accuracy: 0.783, train_loss: 0.618202,	val_accuracy: 0.677832, val_loss: 0.65953
AL_Epoch55>>>>>>>>>>>>>>>>>>>>=train_accuracy: 0.782, train_loss: 0.621693,	val_accuracy: 0.681357, val_loss: 0.658702
AL_Epoch56>>>>>>>>>>>>>>>>>>>>=train_accuracy: 0.792, train_loss: 0.618207,	val_accuracy: 0.68268, val_loss: 0.657818
AL_Epoch57>>>>>>>>>>>>>>>>>>>>=train_accuracy: 0.813, train_loss: 0.610251,	val_accuracy: 0.687968, val_loss: 0.656533
AL_Epoch58>>>>>>>>>>>>>>>>>>>>=train_accuracy: 0.779, train_loss: 0.622973,	val_accuracy: 0.691053, val_loss: 0.655438
AL_Epoch59>>>>>>>>>>>>>>>>>>>>=train_accuracy: 0.795, train_loss: 0.615792,	val_accuracy: 0.692375, val_loss: 0.654466
AL_Epoch60>>>>>>>>>>>>>>>>>>>>=train_accuracy: 0.795, train_loss: 0.614715,	val_accuracy: 0.694579, val_loss: 0.653735
AL_Epoch61>>>>>>>>>>>>>>>>>>>>=train_accuracy: 0.827, train_loss: 0.607136,	val_accuracy: 0.697223, val_loss: 0.653064
AL_Epoch62>>>>>>>>>>>>>>>>>>>>=train_accuracy: 0.799, train_loss: 0.613311,	val_accuracy: 0.697223, val_loss: 0.652884
AL_Epoch63>>>>>>>>>>>>>>>>>>>>=train_accuracy: 0.821, train_loss: 0.608687,	val_accuracy: 0.700749, val_loss: 0.652235
AL_Epoch64>>>>>>>>>>>>>>>>>>>>=train_accuracy: 0.803, train_loss: 0.613886,	val_accuracy: 0.699868, val_loss: 0.652163
AL_Epoch65>>>>>>>>>>>>>>>>>>>>=train_accuracy: 0.804, train_loss: 0.613673,	val_accuracy: 0.704275, val_loss: 0.651442
AL_Epoch66>>>>>>>>>>>>>>>>>>>>=train_accuracy: 0.819, train_loss: 0.609023,	val_accuracy: 0.704275, val_loss: 0.651228
AL_Epoch67>>>>>>>>>>>>>>>>>>>>=train_accuracy: 0.808, train_loss: 0.610429,	val_accuracy: 0.704716, val_loss: 0.651012
AL_Epoch68>>>>>>>>>>>>>>>>>>>>=train_accuracy: 0.822, train_loss: 0.606517,	val_accuracy: 0.706479, val_loss: 0.650618
AL_Epoch69>>>>>>>>>>>>>>>>>>>>=train_accuracy: 0.823, train_loss: 0.608913,	val_accuracy: 0.706479, val_loss: 0.65041
AL_Epoch70>>>>>>>>>>>>>>>>>>>>=train_accuracy: 0.812, train_loss: 0.608485,	val_accuracy: 0.706038, val_loss: 0.650245
AL_Epoch71>>>>>>>>>>>>>>>>>>>>=train_accuracy: 0.827, train_loss: 0.604981,	val_accuracy: 0.706479, val_loss: 0.650039
AL_Epoch72>>>>>>>>>>>>>>>>>>>>=train_accuracy: 0.827, train_loss: 0.605805,	val_accuracy: 0.707801, val_loss: 0.649683
AL_Epoch73>>>>>>>>>>>>>>>>>>>>=train_accuracy: 0.807, train_loss: 0.613433,	val_accuracy: 0.708682, val_loss: 0.649493
AL_Epoch74>>>>>>>>>>>>>>>>>>>>=train_accuracy: 0.818, train_loss: 0.605337,	val_accuracy: 0.709123, val_loss: 0.649263
AL_Epoch75>>>>>>>>>>>>>>>>>>>>=train_accuracy: 0.825, train_loss: 0.605194,	val_accuracy: 0.708242, val_loss: 0.649282
AL_Epoch76>>>>>>>>>>>>>>>>>>>>=train_accuracy: 0.814, train_loss: 0.609675,	val_accuracy: 0.708682, val_loss: 0.649109
AL_Epoch77>>>>>>>>>>>>>>>>>>>>=train_accuracy: 0.826, train_loss: 0.604476,	val_accuracy: 0.707801, val_loss: 0.649001
AL_Epoch78>>>>>>>>>>>>>>>>>>>>=train_accuracy: 0.828, train_loss: 0.604815,	val_accuracy: 0.710004, val_loss: 0.64843
AL_Epoch79>>>>>>>>>>>>>>>>>>>>=train_accuracy: 0.833, train_loss: 0.603858,	val_accuracy: 0.710004, val_loss: 0.648378
AL_Epoch80>>>>>>>>>>>>>>>>>>>>=train_accuracy: 0.837, train_loss: 0.600195,	val_accuracy: 0.710445, val_loss: 0.648048
AL_Epoch81>>>>>>>>>>>>>>>>>>>>=train_accuracy: 0.829, train_loss: 0.600859,	val_accuracy: 0.711767, val_loss: 0.647646
AL_Epoch82>>>>>>>>>>>>>>>>>>>>=train_accuracy: 0.822, train_loss: 0.606466,	val_accuracy: 0.712649, val_loss: 0.647473
AL_Epoch83>>>>>>>>>>>>>>>>>>>>=train_accuracy: 0.821, train_loss: 0.606537,	val_accuracy: 0.712208, val_loss: 0.64751
AL_Epoch84>>>>>>>>>>>>>>>>>>>>=train_accuracy: 0.811, train_loss: 0.607011,	val_accuracy: 0.713089, val_loss: 0.647118
AL_Epoch85>>>>>>>>>>>>>>>>>>>>=train_accuracy: 0.821, train_loss: 0.606054,	val_accuracy: 0.71353, val_loss: 0.646712
AL_Epoch86>>>>>>>>>>>>>>>>>>>>=train_accuracy: 0.83, train_loss: 0.601418,	val_accuracy: 0.71353, val_loss: 0.646487
AL_Epoch87>>>>>>>>>>>>>>>>>>>>=train_accuracy: 0.831, train_loss: 0.600397,	val_accuracy: 0.715293, val_loss: 0.646078
AL_Epoch88>>>>>>>>>>>>>>>>>>>>=train_accuracy: 0.819, train_loss: 0.603126,	val_accuracy: 0.716175, val_loss: 0.645658
AL_Epoch89>>>>>>>>>>>>>>>>>>>>=train_accuracy: 0.827, train_loss: 0.600038,	val_accuracy: 0.717497, val_loss: 0.645327
AL_Epoch90>>>>>>>>>>>>>>>>>>>>=train_accuracy: 0.823, train_loss: 0.604522,	val_accuracy: 0.720141, val_loss: 0.644879
AL_Epoch91>>>>>>>>>>>>>>>>>>>>=train_accuracy: 0.822, train_loss: 0.605812,	val_accuracy: 0.721463, val_loss: 0.644613
AL_Epoch92>>>>>>>>>>>>>>>>>>>>=train_accuracy: 0.835, train_loss: 0.601452,	val_accuracy: 0.7197, val_loss: 0.644766
AL_Epoch93>>>>>>>>>>>>>>>>>>>>=train_accuracy: 0.846, train_loss: 0.597925,	val_accuracy: 0.720141, val_loss: 0.644557
AL_Epoch94>>>>>>>>>>>>>>>>>>>>=train_accuracy: 0.834, train_loss: 0.601798,	val_accuracy: 0.720582, val_loss: 0.644429
AL_Epoch95>>>>>>>>>>>>>>>>>>>>=train_accuracy: 0.823, train_loss: 0.60472,	val_accuracy: 0.720582, val_loss: 0.644241
AL_Epoch96>>>>>>>>>>>>>>>>>>>>=train_accuracy: 0.821, train_loss: 0.60528,	val_accuracy: 0.722785, val_loss: 0.643865
AL_Epoch97>>>>>>>>>>>>>>>>>>>>=train_accuracy: 0.824, train_loss: 0.603329,	val_accuracy: 0.723667, val_loss: 0.643488
AL_Epoch98>>>>>>>>>>>>>>>>>>>>=train_accuracy: 0.84, train_loss: 0.597494,	val_accuracy: 0.723226, val_loss: 0.643177
AL_Epoch99>>>>>>>>>>>>>>>>>>>>=train_accuracy: 0.832, train_loss: 0.600056,	val_accuracy: 0.723226, val_loss: 0.643001
AL_Epoch100>>>>>>>>>>>>>>>>>>>>=train_accuracy: 0.829, train_loss: 0.601954,	val_accuracy: 0.724108, val_loss: 0.642734
AL_Epoch101>>>>>>>>>>>>>>>>>>>>=train_accuracy: 0.851, train_loss: 0.595212,	val_accuracy: 0.72543, val_loss: 0.642419
AL_Epoch102>>>>>>>>>>>>>>>>>>>>=train_accuracy: 0.823, train_loss: 0.604952,	val_accuracy: 0.724548, val_loss: 0.642565
AL_Epoch103>>>>>>>>>>>>>>>>>>>>=train_accuracy: 0.838, train_loss: 0.600057,	val_accuracy: 0.724548, val_loss: 0.642479
AL_Epoch104>>>>>>>>>>>>>>>>>>>>=train_accuracy: 0.835, train_loss: 0.602025,	val_accuracy: 0.726311, val_loss: 0.642101
AL_Epoch105>>>>>>>>>>>>>>>>>>>>=train_accuracy: 0.836, train_loss: 0.598553,	val_accuracy: 0.727633, val_loss: 0.641719
AL_Epoch106>>>>>>>>>>>>>>>>>>>>=train_accuracy: 0.825, train_loss: 0.60247,	val_accuracy: 0.728515, val_loss: 0.641513
AL_Epoch107>>>>>>>>>>>>>>>>>>>>=train_accuracy: 0.833, train_loss: 0.596762,	val_accuracy: 0.728074, val_loss: 0.641344
AL_Epoch108>>>>>>>>>>>>>>>>>>>>=train_accuracy: 0.836, train_loss: 0.598629,	val_accuracy: 0.728515, val_loss: 0.641266
AL_Epoch109>>>>>>>>>>>>>>>>>>>>=train_accuracy: 0.838, train_loss: 0.598187,	val_accuracy: 0.728956, val_loss: 0.641093
AL_Epoch110>>>>>>>>>>>>>>>>>>>>=train_accuracy: 0.834, train_loss: 0.598311,	val_accuracy: 0.729837, val_loss: 0.640883
AL_Epoch111>>>>>>>>>>>>>>>>>>>>=train_accuracy: 0.837, train_loss: 0.596894,	val_accuracy: 0.730278, val_loss: 0.640566
AL_Epoch112>>>>>>>>>>>>>>>>>>>>=train_accuracy: 0.839, train_loss: 0.598074,	val_accuracy: 0.732041, val_loss: 0.640182
AL_Epoch113>>>>>>>>>>>>>>>>>>>>=train_accuracy: 0.842, train_loss: 0.595917,	val_accuracy: 0.731159, val_loss: 0.639993
AL_Epoch114>>>>>>>>>>>>>>>>>>>>=train_accuracy: 0.84, train_loss: 0.598659,	val_accuracy: 0.733803, val_loss: 0.639537
AL_Epoch115>>>>>>>>>>>>>>>>>>>>=train_accuracy: 0.83, train_loss: 0.601435,	val_accuracy: 0.733363, val_loss: 0.63952
AL_Epoch116>>>>>>>>>>>>>>>>>>>>=train_accuracy: 0.846, train_loss: 0.593817,	val_accuracy: 0.737329, val_loss: 0.639104
AL_Epoch117>>>>>>>>>>>>>>>>>>>>=train_accuracy: 0.842, train_loss: 0.595198,	val_accuracy: 0.734685, val_loss: 0.639197
AL_Epoch118>>>>>>>>>>>>>>>>>>>>=train_accuracy: 0.847, train_loss: 0.596872,	val_accuracy: 0.735126, val_loss: 0.639142
AL_Epoch119>>>>>>>>>>>>>>>>>>>>=train_accuracy: 0.853, train_loss: 0.593018,	val_accuracy: 0.738211, val_loss: 0.638749
AL_Epoch120>>>>>>>>>>>>>>>>>>>>=train_accuracy: 0.859, train_loss: 0.591923,	val_accuracy: 0.738651, val_loss: 0.638605
AL_Epoch121>>>>>>>>>>>>>>>>>>>>=train_accuracy: 0.86, train_loss: 0.590567,	val_accuracy: 0.738211, val_loss: 0.638614
AL_Epoch122>>>>>>>>>>>>>>>>>>>>=train_accuracy: 0.839, train_loss: 0.597751,	val_accuracy: 0.738651, val_loss: 0.638372
AL_Epoch123>>>>>>>>>>>>>>>>>>>>=train_accuracy: 0.856, train_loss: 0.590804,	val_accuracy: 0.737329, val_loss: 0.638471
AL_Epoch124>>>>>>>>>>>>>>>>>>>>=train_accuracy: 0.855, train_loss: 0.591751,	val_accuracy: 0.73777, val_loss: 0.638047
AL_Epoch125>>>>>>>>>>>>>>>>>>>>=train_accuracy: 0.846, train_loss: 0.596979,	val_accuracy: 0.738651, val_loss: 0.637606
AL_Epoch126>>>>>>>>>>>>>>>>>>>>=train_accuracy: 0.855, train_loss: 0.590972,	val_accuracy: 0.739974, val_loss: 0.637516
AL_Epoch127>>>>>>>>>>>>>>>>>>>>=train_accuracy: 0.853, train_loss: 0.594267,	val_accuracy: 0.739533, val_loss: 0.637662
AL_Epoch128>>>>>>>>>>>>>>>>>>>>=train_accuracy: 0.846, train_loss: 0.592684,	val_accuracy: 0.739092, val_loss: 0.637671
AL_Epoch129>>>>>>>>>>>>>>>>>>>>=train_accuracy: 0.854, train_loss: 0.595199,	val_accuracy: 0.739974, val_loss: 0.637648
AL_Epoch130>>>>>>>>>>>>>>>>>>>>=train_accuracy: 0.856, train_loss: 0.591623,	val_accuracy: 0.741296, val_loss: 0.637127
AL_Epoch131>>>>>>>>>>>>>>>>>>>>=train_accuracy: 0.852, train_loss: 0.590514,	val_accuracy: 0.742177, val_loss: 0.637042
AL_Epoch132>>>>>>>>>>>>>>>>>>>>=train_accuracy: 0.851, train_loss: 0.591073,	val_accuracy: 0.743499, val_loss: 0.636926
AL_Epoch133>>>>>>>>>>>>>>>>>>>>=train_accuracy: 0.851, train_loss: 0.593066,	val_accuracy: 0.744821, val_loss: 0.636838
AL_Epoch134>>>>>>>>>>>>>>>>>>>>=train_accuracy: 0.845, train_loss: 0.593188,	val_accuracy: 0.745703, val_loss: 0.636647
AL_Epoch135>>>>>>>>>>>>>>>>>>>>=train_accuracy: 0.847, train_loss: 0.59309,	val_accuracy: 0.746144, val_loss: 0.636282
AL_Epoch136>>>>>>>>>>>>>>>>>>>>=train_accuracy: 0.853, train_loss: 0.590395,	val_accuracy: 0.744821, val_loss: 0.636306
AL_Epoch137>>>>>>>>>>>>>>>>>>>>=train_accuracy: 0.843, train_loss: 0.591513,	val_accuracy: 0.744381, val_loss: 0.636274
AL_Epoch138>>>>>>>>>>>>>>>>>>>>=train_accuracy: 0.866, train_loss: 0.585374,	val_accuracy: 0.746144, val_loss: 0.636035
AL_Epoch139>>>>>>>>>>>>>>>>>>>>=train_accuracy: 0.863, train_loss: 0.585613,	val_accuracy: 0.746584, val_loss: 0.635872
AL_Epoch140>>>>>>>>>>>>>>>>>>>>=train_accuracy: 0.854, train_loss: 0.591112,	val_accuracy: 0.746144, val_loss: 0.635705
AL_Epoch141>>>>>>>>>>>>>>>>>>>>=train_accuracy: 0.85, train_loss: 0.59179,	val_accuracy: 0.747466, val_loss: 0.635476
AL_Epoch142>>>>>>>>>>>>>>>>>>>>=train_accuracy: 0.85, train_loss: 0.590254,	val_accuracy: 0.749669, val_loss: 0.635074
AL_Epoch143>>>>>>>>>>>>>>>>>>>>=train_accuracy: 0.86, train_loss: 0.586821,	val_accuracy: 0.750992, val_loss: 0.634929
AL_Epoch144>>>>>>>>>>>>>>>>>>>>=train_accuracy: 0.862, train_loss: 0.587547,	val_accuracy: 0.750551, val_loss: 0.634944
AL_Epoch145>>>>>>>>>>>>>>>>>>>>=train_accuracy: 0.835, train_loss: 0.594977,	val_accuracy: 0.750551, val_loss: 0.634834
AL_Epoch146>>>>>>>>>>>>>>>>>>>>=train_accuracy: 0.867, train_loss: 0.582658,	val_accuracy: 0.750992, val_loss: 0.634714
AL_Epoch147>>>>>>>>>>>>>>>>>>>>=train_accuracy: 0.863, train_loss: 0.588397,	val_accuracy: 0.750551, val_loss: 0.634582
AL_Epoch148>>>>>>>>>>>>>>>>>>>>=train_accuracy: 0.86, train_loss: 0.58558,	val_accuracy: 0.751432, val_loss: 0.634523
AL_Epoch149>>>>>>>>>>>>>>>>>>>>=train_accuracy: 0.855, train_loss: 0.586628,	val_accuracy: 0.75011, val_loss: 0.634507
AL_Epoch150>>>>>>>>>>>>>>>>>>>>=train_accuracy: 0.846, train_loss: 0.593003,	val_accuracy: 0.751432, val_loss: 0.634336
AL_Epoch151>>>>>>>>>>>>>>>>>>>>=train_accuracy: 0.86, train_loss: 0.589872,	val_accuracy: 0.751432, val_loss: 0.634104
AL_Epoch152>>>>>>>>>>>>>>>>>>>>=train_accuracy: 0.87, train_loss: 0.583268,	val_accuracy: 0.75011, val_loss: 0.63414
AL_Epoch153>>>>>>>>>>>>>>>>>>>>=train_accuracy: 0.855, train_loss: 0.588793,	val_accuracy: 0.750551, val_loss: 0.633945
AL_Epoch154>>>>>>>>>>>>>>>>>>>>=train_accuracy: 0.87, train_loss: 0.582653,	val_accuracy: 0.751432, val_loss: 0.633749
AL_Epoch155>>>>>>>>>>>>>>>>>>>>=train_accuracy: 0.867, train_loss: 0.581878,	val_accuracy: 0.750992, val_loss: 0.633712
AL_Epoch156>>>>>>>>>>>>>>>>>>>>=train_accuracy: 0.862, train_loss: 0.585119,	val_accuracy: 0.75011, val_loss: 0.63372
AL_Epoch157>>>>>>>>>>>>>>>>>>>>=train_accuracy: 0.85, train_loss: 0.584992,	val_accuracy: 0.751432, val_loss: 0.633397
AL_Epoch158>>>>>>>>>>>>>>>>>>>>=train_accuracy: 0.858, train_loss: 0.585174,	val_accuracy: 0.751873, val_loss: 0.633396
AL_Epoch159>>>>>>>>>>>>>>>>>>>>=train_accuracy: 0.863, train_loss: 0.584907,	val_accuracy: 0.750992, val_loss: 0.633255
AL_Epoch160>>>>>>>>>>>>>>>>>>>>=train_accuracy: 0.857, train_loss: 0.588547,	val_accuracy: 0.750551, val_loss: 0.632901
AL_Epoch161>>>>>>>>>>>>>>>>>>>>=train_accuracy: 0.85, train_loss: 0.590051,	val_accuracy: 0.751873, val_loss: 0.632742
AL_Epoch162>>>>>>>>>>>>>>>>>>>>=train_accuracy: 0.87, train_loss: 0.58081,	val_accuracy: 0.751432, val_loss: 0.632573
AL_Epoch163>>>>>>>>>>>>>>>>>>>>=train_accuracy: 0.872, train_loss: 0.581998,	val_accuracy: 0.751432, val_loss: 0.632518
AL_Epoch164>>>>>>>>>>>>>>>>>>>>=train_accuracy: 0.855, train_loss: 0.586876,	val_accuracy: 0.751873, val_loss: 0.632646
AL_Epoch165>>>>>>>>>>>>>>>>>>>>=train_accuracy: 0.852, train_loss: 0.583874,	val_accuracy: 0.751432, val_loss: 0.632524
AL_Epoch166>>>>>>>>>>>>>>>>>>>>=train_accuracy: 0.87, train_loss: 0.585017,	val_accuracy: 0.751873, val_loss: 0.632281
AL_Epoch167>>>>>>>>>>>>>>>>>>>>=train_accuracy: 0.851, train_loss: 0.589191,	val_accuracy: 0.750992, val_loss: 0.631993
AL_Epoch168>>>>>>>>>>>>>>>>>>>>=train_accuracy: 0.861, train_loss: 0.586704,	val_accuracy: 0.750992, val_loss: 0.632017
AL_Epoch169>>>>>>>>>>>>>>>>>>>>=train_accuracy: 0.862, train_loss: 0.582542,	val_accuracy: 0.751873, val_loss: 0.631663
AL_Epoch170>>>>>>>>>>>>>>>>>>>>=train_accuracy: 0.854, train_loss: 0.588748,	val_accuracy: 0.754077, val_loss: 0.631229
AL_Epoch171>>>>>>>>>>>>>>>>>>>>=train_accuracy: 0.868, train_loss: 0.58256,	val_accuracy: 0.752314, val_loss: 0.631381
AL_Epoch172>>>>>>>>>>>>>>>>>>>>=train_accuracy: 0.862, train_loss: 0.584054,	val_accuracy: 0.75011, val_loss: 0.631688
AL_Epoch173>>>>>>>>>>>>>>>>>>>>=train_accuracy: 0.86, train_loss: 0.583694,	val_accuracy: 0.748788, val_loss: 0.631788
AL_Epoch174>>>>>>>>>>>>>>>>>>>>=train_accuracy: 0.874, train_loss: 0.579171,	val_accuracy: 0.748788, val_loss: 0.631598
AL_Epoch175>>>>>>>>>>>>>>>>>>>>=train_accuracy: 0.872, train_loss: 0.580998,	val_accuracy: 0.749229, val_loss: 0.63141
AL_Epoch176>>>>>>>>>>>>>>>>>>>>=train_accuracy: 0.867, train_loss: 0.583437,	val_accuracy: 0.747907, val_loss: 0.631552
AL_Epoch177>>>>>>>>>>>>>>>>>>>>=train_accuracy: 0.872, train_loss: 0.579906,	val_accuracy: 0.751432, val_loss: 0.631234
AL_Epoch178>>>>>>>>>>>>>>>>>>>>=train_accuracy: 0.874, train_loss: 0.576636,	val_accuracy: 0.75011, val_loss: 0.631387
AL_Epoch179>>>>>>>>>>>>>>>>>>>>=train_accuracy: 0.872, train_loss: 0.581982,	val_accuracy: 0.750992, val_loss: 0.630901
AL_Epoch180>>>>>>>>>>>>>>>>>>>>=train_accuracy: 0.846, train_loss: 0.588443,	val_accuracy: 0.750992, val_loss: 0.630639
AL_Epoch181>>>>>>>>>>>>>>>>>>>>=train_accuracy: 0.882, train_loss: 0.575512,	val_accuracy: 0.750992, val_loss: 0.630545
AL_Epoch182>>>>>>>>>>>>>>>>>>>>=train_accuracy: 0.855, train_loss: 0.586136,	val_accuracy: 0.750992, val_loss: 0.630427
AL_Epoch183>>>>>>>>>>>>>>>>>>>>=train_accuracy: 0.866, train_loss: 0.582693,	val_accuracy: 0.751432, val_loss: 0.6305
AL_Epoch184>>>>>>>>>>>>>>>>>>>>=train_accuracy: 0.861, train_loss: 0.585681,	val_accuracy: 0.750992, val_loss: 0.630452
AL_Epoch185>>>>>>>>>>>>>>>>>>>>=train_accuracy: 0.885, train_loss: 0.575811,	val_accuracy: 0.750551, val_loss: 0.630698
AL_Epoch186>>>>>>>>>>>>>>>>>>>>=train_accuracy: 0.876, train_loss: 0.578965,	val_accuracy: 0.751432, val_loss: 0.630506
AL_Epoch187>>>>>>>>>>>>>>>>>>>>=train_accuracy: 0.864, train_loss: 0.584023,	val_accuracy: 0.752314, val_loss: 0.630201
AL_Epoch188>>>>>>>>>>>>>>>>>>>>=train_accuracy: 0.876, train_loss: 0.578819,	val_accuracy: 0.750992, val_loss: 0.630495
AL_Epoch189>>>>>>>>>>>>>>>>>>>>=train_accuracy: 0.881, train_loss: 0.575985,	val_accuracy: 0.749669, val_loss: 0.630757
AL_Epoch190>>>>>>>>>>>>>>>>>>>>=train_accuracy: 0.859, train_loss: 0.582407,	val_accuracy: 0.749669, val_loss: 0.630256
AL_Epoch191>>>>>>>>>>>>>>>>>>>>=train_accuracy: 0.864, train_loss: 0.580358,	val_accuracy: 0.75011, val_loss: 0.630161
AL_Epoch192>>>>>>>>>>>>>>>>>>>>=train_accuracy: 0.852, train_loss: 0.585046,	val_accuracy: 0.753195, val_loss: 0.62934
AL_Epoch193>>>>>>>>>>>>>>>>>>>>=train_accuracy: 0.865, train_loss: 0.581379,	val_accuracy: 0.750551, val_loss: 0.629883
AL_Epoch194>>>>>>>>>>>>>>>>>>>>=train_accuracy: 0.862, train_loss: 0.582084,	val_accuracy: 0.75011, val_loss: 0.630105
AL_Epoch195>>>>>>>>>>>>>>>>>>>>=train_accuracy: 0.879, train_loss: 0.57608,	val_accuracy: 0.749229, val_loss: 0.630008
AL_Epoch196>>>>>>>>>>>>>>>>>>>>=train_accuracy: 0.873, train_loss: 0.579708,	val_accuracy: 0.749669, val_loss: 0.629981
AL_Epoch197>>>>>>>>>>>>>>>>>>>>=train_accuracy: 0.857, train_loss: 0.585192,	val_accuracy: 0.75011, val_loss: 0.629742
AL_Epoch198>>>>>>>>>>>>>>>>>>>>=train_accuracy: 0.875, train_loss: 0.578568,	val_accuracy: 0.751873, val_loss: 0.629477
AL_Epoch199>>>>>>>>>>>>>>>>>>>>=train_accuracy: 0.866, train_loss: 0.580424,	val_accuracy: 0.750992, val_loss: 0.629656
AL_Epoch200>>>>>>>>>>>>>>>>>>>>=train_accuracy: 0.883, train_loss: 0.573808,	val_accuracy: 0.750992, val_loss: 0.629643
AL_Epoch201>>>>>>>>>>>>>>>>>>>>=train_accuracy: 0.886, train_loss: 0.572166,	val_accuracy: 0.75011, val_loss: 0.629598
AL_Epoch202>>>>>>>>>>>>>>>>>>>>=train_accuracy: 0.874, train_loss: 0.578917,	val_accuracy: 0.750551, val_loss: 0.629486
AL_Epoch203>>>>>>>>>>>>>>>>>>>>=train_accuracy: 0.869, train_loss: 0.57586,	val_accuracy: 0.749229, val_loss: 0.629455
AL_Epoch204>>>>>>>>>>>>>>>>>>>>=train_accuracy: 0.865, train_loss: 0.579569,	val_accuracy: 0.75011, val_loss: 0.629284
AL_Epoch205>>>>>>>>>>>>>>>>>>>>=train_accuracy: 0.881, train_loss: 0.574461,	val_accuracy: 0.751432, val_loss: 0.629204
AL_Epoch206>>>>>>>>>>>>>>>>>>>>=train_accuracy: 0.872, train_loss: 0.577473,	val_accuracy: 0.751873, val_loss: 0.629075
AL_Epoch207>>>>>>>>>>>>>>>>>>>>=train_accuracy: 0.873, train_loss: 0.577754,	val_accuracy: 0.748347, val_loss: 0.62942
AL_Epoch208>>>>>>>>>>>>>>>>>>>>=train_accuracy: 0.887, train_loss: 0.572024,	val_accuracy: 0.748788, val_loss: 0.629334
AL_Epoch209>>>>>>>>>>>>>>>>>>>>=train_accuracy: 0.854, train_loss: 0.58625,	val_accuracy: 0.748788, val_loss: 0.629298
AL_Epoch210>>>>>>>>>>>>>>>>>>>>=train_accuracy: 0.889, train_loss: 0.572687,	val_accuracy: 0.749229, val_loss: 0.629163
AL_Epoch211>>>>>>>>>>>>>>>>>>>>=train_accuracy: 0.886, train_loss: 0.573595,	val_accuracy: 0.75011, val_loss: 0.628922
AL_Epoch212>>>>>>>>>>>>>>>>>>>>=train_accuracy: 0.883, train_loss: 0.575222,	val_accuracy: 0.749669, val_loss: 0.62903
AL_Epoch213>>>>>>>>>>>>>>>>>>>>=train_accuracy: 0.894, train_loss: 0.569657,	val_accuracy: 0.750992, val_loss: 0.628839
AL_Epoch214>>>>>>>>>>>>>>>>>>>>=train_accuracy: 0.883, train_loss: 0.572737,	val_accuracy: 0.750992, val_loss: 0.628872
AL_Epoch215>>>>>>>>>>>>>>>>>>>>=train_accuracy: 0.876, train_loss: 0.576683,	val_accuracy: 0.751873, val_loss: 0.628565
AL_Epoch216>>>>>>>>>>>>>>>>>>>>=train_accuracy: 0.866, train_loss: 0.582775,	val_accuracy: 0.750992, val_loss: 0.628801
AL_Epoch217>>>>>>>>>>>>>>>>>>>>=train_accuracy: 0.884, train_loss: 0.575852,	val_accuracy: 0.753195, val_loss: 0.628425
AL_Epoch218>>>>>>>>>>>>>>>>>>>>=train_accuracy: 0.886, train_loss: 0.571842,	val_accuracy: 0.753195, val_loss: 0.628302
AL_Epoch219>>>>>>>>>>>>>>>>>>>>=train_accuracy: 0.883, train_loss: 0.575418,	val_accuracy: 0.752755, val_loss: 0.628273
AL_Epoch220>>>>>>>>>>>>>>>>>>>>=train_accuracy: 0.88, train_loss: 0.572968,	val_accuracy: 0.754517, val_loss: 0.627925
AL_Epoch221>>>>>>>>>>>>>>>>>>>>=train_accuracy: 0.892, train_loss: 0.569271,	val_accuracy: 0.753195, val_loss: 0.628043
AL_Epoch222>>>>>>>>>>>>>>>>>>>>=train_accuracy: 0.89, train_loss: 0.572385,	val_accuracy: 0.754517, val_loss: 0.627901
AL_Epoch223>>>>>>>>>>>>>>>>>>>>=train_accuracy: 0.887, train_loss: 0.574035,	val_accuracy: 0.753195, val_loss: 0.628137
AL_Epoch224>>>>>>>>>>>>>>>>>>>>=train_accuracy: 0.891, train_loss: 0.570326,	val_accuracy: 0.754517, val_loss: 0.627933
AL_Epoch225>>>>>>>>>>>>>>>>>>>>=train_accuracy: 0.878, train_loss: 0.576247,	val_accuracy: 0.754958, val_loss: 0.628067
AL_Epoch226>>>>>>>>>>>>>>>>>>>>=train_accuracy: 0.886, train_loss: 0.571619,	val_accuracy: 0.753636, val_loss: 0.627859
AL_Epoch227>>>>>>>>>>>>>>>>>>>>=train_accuracy: 0.886, train_loss: 0.573429,	val_accuracy: 0.754077, val_loss: 0.627837
AL_Epoch228>>>>>>>>>>>>>>>>>>>>=train_accuracy: 0.887, train_loss: 0.571292,	val_accuracy: 0.754517, val_loss: 0.627695
AL_Epoch229>>>>>>>>>>>>>>>>>>>>=train_accuracy: 0.888, train_loss: 0.570643,	val_accuracy: 0.754958, val_loss: 0.62763
AL_Epoch230>>>>>>>>>>>>>>>>>>>>=train_accuracy: 0.894, train_loss: 0.570886,	val_accuracy: 0.755399, val_loss: 0.627647
AL_Epoch231>>>>>>>>>>>>>>>>>>>>=train_accuracy: 0.896, train_loss: 0.569143,	val_accuracy: 0.75628, val_loss: 0.627428
AL_Epoch232>>>>>>>>>>>>>>>>>>>>=train_accuracy: 0.9, train_loss: 0.568318,	val_accuracy: 0.754958, val_loss: 0.627266
AL_Epoch233>>>>>>>>>>>>>>>>>>>>=train_accuracy: 0.869, train_loss: 0.579908,	val_accuracy: 0.755399, val_loss: 0.627434
AL_Epoch234>>>>>>>>>>>>>>>>>>>>=train_accuracy: 0.883, train_loss: 0.574002,	val_accuracy: 0.754958, val_loss: 0.62769
AL_Epoch235>>>>>>>>>>>>>>>>>>>>=train_accuracy: 0.892, train_loss: 0.569499,	val_accuracy: 0.755399, val_loss: 0.627464
AL_Epoch236>>>>>>>>>>>>>>>>>>>>=train_accuracy: 0.88, train_loss: 0.572714,	val_accuracy: 0.75584, val_loss: 0.6273
AL_Epoch237>>>>>>>>>>>>>>>>>>>>=train_accuracy: 0.889, train_loss: 0.569814,	val_accuracy: 0.754517, val_loss: 0.627825
AL_Epoch238>>>>>>>>>>>>>>>>>>>>=train_accuracy: 0.896, train_loss: 0.567009,	val_accuracy: 0.75628, val_loss: 0.62733
AL_Epoch239>>>>>>>>>>>>>>>>>>>>=train_accuracy: 0.889, train_loss: 0.5712,	val_accuracy: 0.756721, val_loss: 0.62732
AL_Epoch240>>>>>>>>>>>>>>>>>>>>=train_accuracy: 0.893, train_loss: 0.568394,	val_accuracy: 0.755399, val_loss: 0.627555
AL_Epoch241>>>>>>>>>>>>>>>>>>>>=train_accuracy: 0.886, train_loss: 0.569575,	val_accuracy: 0.754958, val_loss: 0.627482
AL_Epoch242>>>>>>>>>>>>>>>>>>>>=train_accuracy: 0.889, train_loss: 0.570409,	val_accuracy: 0.75628, val_loss: 0.627271
AL_Epoch243>>>>>>>>>>>>>>>>>>>>=train_accuracy: 0.895, train_loss: 0.568153,	val_accuracy: 0.754517, val_loss: 0.627629
AL_Epoch244>>>>>>>>>>>>>>>>>>>>=train_accuracy: 0.896, train_loss: 0.568317,	val_accuracy: 0.754517, val_loss: 0.627446
AL_Epoch245>>>>>>>>>>>>>>>>>>>>=train_accuracy: 0.888, train_loss: 0.570765,	val_accuracy: 0.75584, val_loss: 0.627349
AL_Epoch246>>>>>>>>>>>>>>>>>>>>=train_accuracy: 0.869, train_loss: 0.577504,	val_accuracy: 0.756721, val_loss: 0.627242
AL_Epoch247>>>>>>>>>>>>>>>>>>>>=train_accuracy: 0.89, train_loss: 0.568658,	val_accuracy: 0.756721, val_loss: 0.627246
AL_Epoch248>>>>>>>>>>>>>>>>>>>>=train_accuracy: 0.889, train_loss: 0.568609,	val_accuracy: 0.757602, val_loss: 0.627287
AL_Epoch249>>>>>>>>>>>>>>>>>>>>=train_accuracy: 0.867, train_loss: 0.577315,	val_accuracy: 0.757602, val_loss: 0.627316
AL_Epoch250>>>>>>>>>>>>>>>>>>>>=train_accuracy: 0.903, train_loss: 0.561586,	val_accuracy: 0.754517, val_loss: 0.627778
