------------------------------------------------2017-01-07 23:11:47.203112--------------------------------------------
the length of predict is ?and the batch_size is 1000
------------------------------------------------2017-01-07 23:12:28.601923--------------------------------------------
the length of predict is ?and the batch_size is 1000
------------------------------------------------2017-01-07 23:13:06.611879--------------------------------------------
the length of predict is ?and the batch_size is 1000
------------------------------------------------2017-01-07 23:17:40.089332--------------------------------------------
the length of predict is ?and the batch_size is 1000
------------------------------------------------2017-01-07 23:19:27.644794--------------------------------------------
the length of predict is ?and the batch_size is 1000
The time elapsed :  2475.12636113 seconds.

------------------------------------------------2017-01-09 17:01:11.373843--------------------------------------------
the length of predict is ?and the batch_size is 1000
The time elapsed :  2502.13888097 seconds.

------------------------------------------------2017-01-09 18:05:38.332384--------------------------------------------
the length of predict is ?and the batch_size is 1000
------------------------------------------------2017-01-09 18:19:39.604462--------------------------------------------
the length of predict is ?and the batch_size is 1000
------------------------------------------------2017-01-09 19:02:31.004270--------------------------------------------
the length of predict is ?and the batch_size is 1000
------------------------------------------------2017-01-09 19:02:55.970109--------------------------------------------
the length of predict is ?and the batch_size is 1000
------------------------------------------------2017-01-09 19:58:58.914630--------------------------------------------
the length of predict is ?and the batch_size is 1000
------------------------------------------------2017-01-09 20:02:14.716222--------------------------------------------
the length of predict is ?and the batch_size is 1000
------------------------------------------------2017-01-09 20:06:35.298694--------------------------------------------
the length of predict is ?and the batch_size is 1000
------------------------------------------------2017-01-09 20:06:44.481951--------------------------------------------
the length of predict is ?and the batch_size is 1000
------------------------------------------------2017-01-09 20:12:12.029275--------------------------------------------
the length of predict is ?and the batch_size is 1000
------------------------------------------------2017-01-09 20:12:24.812639--------------------------------------------
the length of predict is ?and the batch_size is 1000
------------------------------------------------2017-01-09 20:18:32.926308--------------------------------------------
the length of predict is ?and the batch_size is 1000
------------------------------------------------2017-01-09 20:32:36.985104--------------------------------------------
the length of predict is ?and the batch_size is 1000
------------------------------------------------2017-01-09 20:40:35.036315--------------------------------------------
the length of predict is ?and the batch_size is 1000
------------------------------------------------2017-01-09 20:42:29.104638--------------------------------------------
the length of predict is ?and the batch_size is 1000
------------------------------------------------2017-01-09 20:43:04.315688--------------------------------------------
the length of predict is ?and the batch_size is 1000
------------------------------------------------2017-01-09 20:48:43.321643--------------------------------------------
the length of predict is ?and the batch_size is 1000
------------------------------------------------2017-01-09 20:51:30.262738--------------------------------------------
the length of predict is ?and the batch_size is 1000
------------------------------------------------2017-01-09 20:56:29.766423--------------------------------------------
the length of predict is ?and the batch_size is 1000
------------------------------------------------2017-01-09 20:58:17.794773--------------------------------------------
the length of predict is ?and the batch_size is 1000
------------------------------------------------2017-01-09 21:03:26.057165--------------------------------------------
the length of predict is ?and the batch_size is 1000
------------------------------------------------2017-01-09 21:32:16.331880--------------------------------------------
the length of predict is ?and the batch_size is 1000
------------------------------------------------2017-01-09 21:34:48.359876--------------------------------------------
the length of predict is ?and the batch_size is 1000
------------------------------------------------2017-01-09 21:39:36.740735--------------------------------------------
the length of predict is ?and the batch_size is 1000
------------------------------------------------2017-01-09 21:44:09.806480--------------------------------------------
the length of predict is ?and the batch_size is 1000
------------------------------------------------2017-01-09 21:49:45.435419--------------------------------------------
the length of predict is ?and the batch_size is 1000
The time elapsed :  4166.62659502 seconds.

------------------------------------------------2017-01-10 13:54:54.486218--------------------------------------------
------------------------------------------------2017-01-10 13:55:41.038762--------------------------------------------
1th Cross Validation>>>>>>>> is running and the training size is 2280, testing size is 2280......0
SVM is running..............................................
(2260, 33)
{'F1_SCORE': 0.49615, 'AUC': 0.62573621553884706, 'G_MEAN': 0.56998466540512516, 'ACCURACY': 0.62345}
2th Cross Validation>>>>>>>> is running and the training size is 2280, testing size is 2280......5
SVMF is running..............................................
(2260, 3)
{'F1_SCORE': 0.65893, 'AUC': 0.62212562656641612, 'G_MEAN': 0.61406792563464274, 'ACCURACY': 0.62301}
2th Cross Validation>>>>>>>> is running and the training size is 2280, testing size is 2280......6
SVMW is running..............................................
{'F1_SCORE': 0.64449, 'AUC': 0.52909617794486219, 'G_MEAN': 0.42721943702086057, 'ACCURACY': 0.53186}
2th Cross Validation>>>>>>>> is running and the training size is 2280, testing size is 2280......1
NB is running..............................................
{'F1_SCORE': 0.25409, 'AUC': 0.55937499999999996, 'G_MEAN': 0.38119876704942268, 'ACCURACY': 0.55575}
2th Cross Validation>>>>>>>> is running and the training size is 2280, testing size is 2280......10
NBF is running..............................................
{'F1_SCORE': 0.66828, 'AUC': 0.51054197994987471, 'G_MEAN': 0.22404419654392418, 'ACCURACY': 0.5146}
2th Cross Validation>>>>>>>> is running and the training size is 2280, testing size is 2280......11
NBW is running..............................................
{'F1_SCORE': 0.25409, 'AUC': 0.55937499999999996, 'G_MEAN': 0.38119876704942268, 'ACCURACY': 0.55575}
2th Cross Validation>>>>>>>> is running and the training size is 2280, testing size is 2280......2
DT is running..............................................(2260, 33)
{'F1_SCORE': 0.53978, 'AUC': 0.53670895989974943, 'G_MEAN': 0.53670564079591654, 'ACCURACY': 0.53673}
2th Cross Validation>>>>>>>> is running and the training size is 2280, testing size is 2280......0
Ada.Boost is running..............................................(2260, 33)
{'F1_SCORE': 0.67197, 'AUC': 0.50312500000000004, 'G_MEAN': 0.079056941504209485, 'ACCURACY': 0.50752}
The time elapsed :  5.30114912987 seconds.

------------------------------------------------2017-01-10 14:00:20.539792--------------------------------------------

1th Cross Validation>>>>>>>> is running and the training size is 2280, testing size is 2280......0
SVM is running..............................................
(2260, 33)
{'F1_SCORE': 0.49615, 'AUC': 0.62573621553884706, 'G_MEAN': 0.56998466540512516, 'ACCURACY': 0.62345}

2th Cross Validation>>>>>>>> is running and the training size is 2280, testing size is 2280......5
SVMF is running..............................................
(2260, 3)
{'F1_SCORE': 0.65893, 'AUC': 0.62212562656641612, 'G_MEAN': 0.61406792563464274, 'ACCURACY': 0.62301}

2th Cross Validation>>>>>>>> is running and the training size is 2280, testing size is 2280......6
SVMW is running..............................................
{'F1_SCORE': 0.64449, 'AUC': 0.52909617794486219, 'G_MEAN': 0.42721943702086057, 'ACCURACY': 0.53186}

2th Cross Validation>>>>>>>> is running and the training size is 2280, testing size is 2280......1
NB is running..............................................
{'F1_SCORE': 0.25409, 'AUC': 0.55937499999999996, 'G_MEAN': 0.38119876704942268, 'ACCURACY': 0.55575}

2th Cross Validation>>>>>>>> is running and the training size is 2280, testing size is 2280......10
NBF is running..............................................
{'F1_SCORE': 0.66828, 'AUC': 0.51054197994987471, 'G_MEAN': 0.22404419654392418, 'ACCURACY': 0.5146}

2th Cross Validation>>>>>>>> is running and the training size is 2280, testing size is 2280......11
NBW is running..............................................
{'F1_SCORE': 0.25409, 'AUC': 0.55937499999999996, 'G_MEAN': 0.38119876704942268, 'ACCURACY': 0.55575}

2th Cross Validation>>>>>>>> is running and the training size is 2280, testing size is 2280......2
DT is running..............................................(2260, 33)
{'F1_SCORE': 0.53978, 'AUC': 0.53670895989974943, 'G_MEAN': 0.53670564079591654, 'ACCURACY': 0.53673}

2th Cross Validation>>>>>>>> is running and the training size is 2280, testing size is 2280......0
Ada.Boost is running..............................................(2260, 33)
{'F1_SCORE': 0.67197, 'AUC': 0.50312500000000004, 'G_MEAN': 0.079056941504209485, 'ACCURACY': 0.50752}
The time elapsed :  9.26687502861 seconds.

------------------------------------------------2017-01-10 14:01:04.878780--------------------------------------------

1th Cross Validation>>>>>>>> is running and the training size is 2280, testing size is 2280......0
SVM is running..............................................
(2260, 33)
{'F1_SCORE': 0.49615, 'AUC': 0.62573621553884706, 'G_MEAN': 0.56998466540512516, 'ACCURACY': 0.62345}

2th Cross Validation>>>>>>>> is running and the training size is 2280, testing size is 2280......5
SVMF is running..............................................
(2260, 3)
------------------------------------------------2017-01-10 14:01:14.435509--------------------------------------------

1th Cross Validation>>>>>>>> is running and the training size is 2280, testing size is 2280......0
SVM is running..............................................
(2260, 33)
{'F1_SCORE': 0.49615, 'AUC': 0.62573621553884706, 'G_MEAN': 0.56998466540512516, 'ACCURACY': 0.62345}

2th Cross Validation>>>>>>>> is running and the training size is 2280, testing size is 2280......5
SVMF is running..............................................
(2260, 3)
{'F1_SCORE': 0.65893, 'AUC': 0.62212562656641612, 'G_MEAN': 0.61406792563464274, 'ACCURACY': 0.62301}

2th Cross Validation>>>>>>>> is running and the training size is 2280, testing size is 2280......6
SVMW is running..............................................
{'F1_SCORE': 0.64449, 'AUC': 0.52909617794486219, 'G_MEAN': 0.42721943702086057, 'ACCURACY': 0.53186}

2th Cross Validation>>>>>>>> is running and the training size is 2280, testing size is 2280......1
NB is running..............................................
{'F1_SCORE': 0.25409, 'AUC': 0.55937499999999996, 'G_MEAN': 0.38119876704942268, 'ACCURACY': 0.55575}

2th Cross Validation>>>>>>>> is running and the training size is 2280, testing size is 2280......10
NBF is running..............................................
{'F1_SCORE': 0.66828, 'AUC': 0.51054197994987471, 'G_MEAN': 0.22404419654392418, 'ACCURACY': 0.5146}

2th Cross Validation>>>>>>>> is running and the training size is 2280, testing size is 2280......11
NBW is running..............................................
{'F1_SCORE': 0.25409, 'AUC': 0.55937499999999996, 'G_MEAN': 0.38119876704942268, 'ACCURACY': 0.55575}

2th Cross Validation>>>>>>>> is running and the training size is 2280, testing size is 2280......2
DT is running..............................................(2260, 33)
{'F1_SCORE': 0.53978, 'AUC': 0.53670895989974943, 'G_MEAN': 0.53670564079591654, 'ACCURACY': 0.53673}

2th Cross Validation>>>>>>>> is running and the training size is 2280, testing size is 2280......0
Ada.Boost is running..............................................(2260, 33)
{'F1_SCORE': 0.67197, 'AUC': 0.50312500000000004, 'G_MEAN': 0.079056941504209485, 'ACCURACY': 0.50752}
The time elapsed :  9.26126003265 seconds.

------------------------------------------------2017-01-10 14:02:13.784199--------------------------------------------

1th Cross Validation>>>>>>>> is running and the training size is 2280, testing size is 2280......0
SVM is running..............................................
(2260, 33)
{'F1_SCORE': 0.49615, 'AUC': 0.62573621553884706, 'G_MEAN': 0.56998466540512516, 'ACCURACY': 0.62345}

2th Cross Validation>>>>>>>> is running and the training size is 2280, testing size is 2280......5
SVMF is running..............................................
(2260, 3)
{'F1_SCORE': 0.65893, 'AUC': 0.62212562656641612, 'G_MEAN': 0.61406792563464274, 'ACCURACY': 0.62301}

2th Cross Validation>>>>>>>> is running and the training size is 2280, testing size is 2280......6
SVMW is running..............................................
{'F1_SCORE': 0.64449, 'AUC': 0.52909617794486219, 'G_MEAN': 0.42721943702086057, 'ACCURACY': 0.53186}

2th Cross Validation>>>>>>>> is running and the training size is 2280, testing size is 2280......1
NB is running..............................................
{'F1_SCORE': 0.25409, 'AUC': 0.55937499999999996, 'G_MEAN': 0.38119876704942268, 'ACCURACY': 0.55575}

2th Cross Validation>>>>>>>> is running and the training size is 2280, testing size is 2280......10
NBF is running..............................................
{'F1_SCORE': 0.66828, 'AUC': 0.51054197994987471, 'G_MEAN': 0.22404419654392418, 'ACCURACY': 0.5146}

2th Cross Validation>>>>>>>> is running and the training size is 2280, testing size is 2280......11
NBW is running..............................................
{'F1_SCORE': 0.25409, 'AUC': 0.55937499999999996, 'G_MEAN': 0.38119876704942268, 'ACCURACY': 0.55575}

2th Cross Validation>>>>>>>> is running and the training size is 2280, testing size is 2280......2
DT is running..............................................(2260, 33)
{'F1_SCORE': 0.53978, 'AUC': 0.53670895989974943, 'G_MEAN': 0.53670564079591654, 'ACCURACY': 0.53673}

2th Cross Validation>>>>>>>> is running and the training size is 2280, testing size is 2280......0
Ada.Boost is running..............................................(2260, 33)
{'F1_SCORE': 0.67197, 'AUC': 0.50312500000000004, 'G_MEAN': 0.079056941504209485, 'ACCURACY': 0.50752}
The time elapsed :  9.27792406082 seconds.

------------------------------------------------2017-01-10 14:03:31.641318--------------------------------------------
Backend TkAgg is interactive backend. Turning interactive mode on.

1th Cross Validation>>>>>>>> is running and the training size is 2280, testing size is 2280......0
SVM is running..............................................
(2260, 33)
{'F1_SCORE': 0.49615, 'AUC': 0.62573621553884706, 'G_MEAN': 0.56998466540512516, 'ACCURACY': 0.62345}

2th Cross Validation>>>>>>>> is running and the training size is 2280, testing size is 2280......5
SVMF is running..............................................
(2260, 3)
{'F1_SCORE': 0.65893, 'AUC': 0.62212562656641612, 'G_MEAN': 0.61406792563464274, 'ACCURACY': 0.62301}

2th Cross Validation>>>>>>>> is running and the training size is 2280, testing size is 2280......6
SVMW is running..............................................
{'F1_SCORE': 0.64449, 'AUC': 0.52909617794486219, 'G_MEAN': 0.42721943702086057, 'ACCURACY': 0.53186}

2th Cross Validation>>>>>>>> is running and the training size is 2280, testing size is 2280......1
NB is running..............................................
{'F1_SCORE': 0.25409, 'AUC': 0.55937499999999996, 'G_MEAN': 0.38119876704942268, 'ACCURACY': 0.55575}

2th Cross Validation>>>>>>>> is running and the training size is 2280, testing size is 2280......10
NBF is running..............................................
{'F1_SCORE': 0.66828, 'AUC': 0.51054197994987471, 'G_MEAN': 0.22404419654392418, 'ACCURACY': 0.5146}

------------------------------------------------2017-01-10 14:12:57.613021--------------------------------------------

AAAAA
BBBBB
1th Cross Validation>>>>>>>> is running and the training size is 2280, testing size is 2280......0
SVM is running..............................................
(2260, 33)
{'F1_SCORE': 0.49615, 'AUC': 0.62573621553884706, 'G_MEAN': 0.56998466540512516, 'ACCURACY': 0.62345}

AAAAA
BBBBB
2th Cross Validation>>>>>>>> is running and the training size is 2280, testing size is 2280......5
SVMF is running..............................................
(2260, 3)
{'F1_SCORE': 0.65893, 'AUC': 0.62212562656641612, 'G_MEAN': 0.61406792563464274, 'ACCURACY': 0.62301}

AAAAA
BBBBB
2th Cross Validation>>>>>>>> is running and the training size is 2280, testing size is 2280......6
SVMW is running..............................................
{'F1_SCORE': 0.64449, 'AUC': 0.52909617794486219, 'G_MEAN': 0.42721943702086057, 'ACCURACY': 0.53186}

AAAAA
BBBBB
2th Cross Validation>>>>>>>> is running and the training size is 2280, testing size is 2280......1
NB is running..............................................
{'F1_SCORE': 0.25409, 'AUC': 0.55937499999999996, 'G_MEAN': 0.38119876704942268, 'ACCURACY': 0.55575}

AAAAA
BBBBB
2th Cross Validation>>>>>>>> is running and the training size is 2280, testing size is 2280......10
NBF is running..............................................
{'F1_SCORE': 0.66828, 'AUC': 0.51054197994987471, 'G_MEAN': 0.22404419654392418, 'ACCURACY': 0.5146}

AAAAA
BBBBB
2th Cross Validation>>>>>>>> is running and the training size is 2280, testing size is 2280......11
NBW is running..............................................
{'F1_SCORE': 0.25409, 'AUC': 0.55937499999999996, 'G_MEAN': 0.38119876704942268, 'ACCURACY': 0.55575}

AAAAA
BBBBB
2th Cross Validation>>>>>>>> is running and the training size is 2280, testing size is 2280......2
DT is running..............................................(2260, 33)
{'F1_SCORE': 0.53978, 'AUC': 0.53670895989974943, 'G_MEAN': 0.53670564079591654, 'ACCURACY': 0.53673}

AAAAA
BBBBB
2th Cross Validation>>>>>>>> is running and the training size is 2280, testing size is 2280......0
Ada.Boost is running..............................................(2260, 33)
{'F1_SCORE': 0.67197, 'AUC': 0.50312500000000004, 'G_MEAN': 0.079056941504209485, 'ACCURACY': 0.50752}
The time elapsed :  5.32570409775 seconds.

------------------------------------------------2017-01-10 15:13:52.005791--------------------------------------------
------------------------------------------------2017-01-10 15:14:08.747253--------------------------------------------
------------------------------------------------2017-01-10 15:14:21.436439--------------------------------------------
------------------------------------------------2017-01-10 15:15:35.507754--------------------------------------------

AAAAA
BBBBB
1th Cross Validation>>>>>>>> is running and the training size is 2280, testing size is 2280......0
MLP is running..............................................
Epoch 1/250
2260/2260 [==============================] - 0s - loss: 0.7379 - acc: 0.5396
------------------------------------------------2017-01-10 15:18:51.925610--------------------------------------------
------------------------------------------------2017-01-10 15:19:09.106730--------------------------------------------
MLP is running..............................................
Epoch 1/250
2260/2260 [==============================] - 0s - loss: 0.7379 - acc: 0.5396
------------------------------------------------2017-01-10 15:20:44.608611--------------------------------------------
------------------------------------------------2017-01-10 15:20:53.904377--------------------------------------------
The time elapsed :  5.29871988297 seconds.

------------------------------------------------2017-01-10 15:21:50.993062--------------------------------------------

AAAAA
BBBBB
1th Cross Validation>>>>>>>> is running and the training size is 2280, testing size is 2280......0
SVM is running..............................................
(2260, 33)
{'F1_SCORE': 0.49615, 'AUC': 0.62573621553884706, 'G_MEAN': 0.56998466540512516, 'ACCURACY': 0.62345}

AAAAA
BBBBB
2th Cross Validation>>>>>>>> is running and the training size is 2280, testing size is 2280......5
SVMF is running..............................................
(2260, 3)
{'F1_SCORE': 0.65893, 'AUC': 0.62212562656641612, 'G_MEAN': 0.61406792563464274, 'ACCURACY': 0.62301}

AAAAA
BBBBB
2th Cross Validation>>>>>>>> is running and the training size is 2280, testing size is 2280......6
SVMW is running..............................................
{'F1_SCORE': 0.64449, 'AUC': 0.52909617794486219, 'G_MEAN': 0.42721943702086057, 'ACCURACY': 0.53186}

AAAAA
BBBBB
2th Cross Validation>>>>>>>> is running and the training size is 2280, testing size is 2280......1
NB is running..............................................
{'F1_SCORE': 0.25409, 'AUC': 0.55937499999999996, 'G_MEAN': 0.38119876704942268, 'ACCURACY': 0.55575}

AAAAA
BBBBB
2th Cross Validation>>>>>>>> is running and the training size is 2280, testing size is 2280......10
NBF is running..............................................
{'F1_SCORE': 0.66828, 'AUC': 0.51054197994987471, 'G_MEAN': 0.22404419654392418, 'ACCURACY': 0.5146}

AAAAA
BBBBB
2th Cross Validation>>>>>>>> is running and the training size is 2280, testing size is 2280......11
NBW is running..............................................
{'F1_SCORE': 0.25409, 'AUC': 0.55937499999999996, 'G_MEAN': 0.38119876704942268, 'ACCURACY': 0.55575}

AAAAA
BBBBB
2th Cross Validation>>>>>>>> is running and the training size is 2280, testing size is 2280......2
DT is running..............................................(2260, 33)
{'F1_SCORE': 0.53978, 'AUC': 0.53670895989974943, 'G_MEAN': 0.53670564079591654, 'ACCURACY': 0.53673}

AAAAA
BBBBB
2th Cross Validation>>>>>>>> is running and the training size is 2280, testing size is 2280......0
Ada.Boost is running..............................................(2260, 33)
{'F1_SCORE': 0.67197, 'AUC': 0.50312500000000004, 'G_MEAN': 0.079056941504209485, 'ACCURACY': 0.50752}
The time elapsed :  5.27944898605 seconds.

------------------------------------------------2017-01-10 15:22:33.692621--------------------------------------------
------------------------------------------------2017-01-10 15:22:41.732433--------------------------------------------

AAAAA
BBBBB
1th Cross Validation>>>>>>>> is running and the training size is 2280, testing size is 2280......0
MLP is running..............................................
Epoch 1/250
2260/2260 [==============================] - 0s - loss: 0.7379 - acc: 0.5396
------------------------------------------------2017-01-10 15:23:09.814322--------------------------------------------
MLP is running..............................................
Epoch 1/250
2260/2260 [==============================] - 0s - loss: 0.7379 - acc: 0.5396
------------------------------------------------2017-01-10 15:23:49.153856--------------------------------------------
------------------------------------------------2017-01-10 15:24:26.963167--------------------------------------------
------------------------------------------------2017-01-10 15:26:37.704828--------------------------------------------
------------------------------------------------2017-01-10 15:27:50.336376--------------------------------------------
------------------------------------------------2017-01-10 15:28:36.043320--------------------------------------------
------------------------------------------------2017-01-10 15:29:28.230325--------------------------------------------
------------------------------------------------2017-01-10 15:30:33.602352--------------------------------------------
Backend TkAgg is interactive backend. Turning interactive mode on.
------------------------------------------------2017-01-10 01:13:21.887317--------------------------------------------
------------------------------------------------2017-01-10 01:13:49.432855--------------------------------------------
------------------------------------------------2017-01-10 01:16:20.992392--------------------------------------------
------------------------------------------------2017-01-10 01:17:31.146660--------------------------------------------
------------------------------------------------2017-01-10 01:18:34.282056--------------------------------------------
------------------------------------------------2017-01-10 01:31:30.115146--------------------------------------------
------------------------------------------------2017-01-10 01:32:17.201645--------------------------------------------
------------------------------------------------2017-01-10 01:33:55.176181--------------------------------------------
LSTM is running..............................................
1th Cross Validation of HB_AS_Leak.txt is running and the training size is shape(2269,20).
1th Cross Validation of HB_AS_Leak.txt is running and the testing size is shape(2271,20).
Train on 2269 samples, validate on 2271 samples
Epoch 1/250
1000/2269 [============>.................] - ETA: 1s - loss: 0.7075 - acc: 0.4555
------------------------------------------------2017-01-10 01:35:42.364070--------------------------------------------
------------------------------------------------2017-01-10 01:36:14.781410--------------------------------------------
------------------------------------------------2017-01-10 01:37:19.601328--------------------------------------------
------------------------------------------------2017-01-10 01:37:42.673705--------------------------------------------
------------------------------------------------2017-01-10 01:38:30.836742--------------------------------------------
------------------------------------------------2017-01-10 01:40:00.794958--------------------------------------------
------------------------------------------------2017-01-10 01:40:54.665772--------------------------------------------
------------------------------------------------2017-01-10 01:41:17.776013--------------------------------------------
------------------------------------------------2017-01-10 01:42:02.713729--------------------------------------------
------------------------------------------------2017-01-10 01:42:56.747534--------------------------------------------
------------------------------------------------2017-01-10 01:43:34.748343--------------------------------------------
------------------------------------------------2017-01-10 01:44:03.176038--------------------------------------------
------------------------------------------------2017-01-10 01:44:37.799434--------------------------------------------
------------------------------------------------2017-01-10 01:45:09.380597--------------------------------------------
------------------------------------------------2017-01-10 01:46:22.076745--------------------------------------------
------------------------------------------------2017-01-10 01:46:56.469023--------------------------------------------
------------------------------------------------2017-01-10 01:48:36.748386--------------------------------------------
------------------------------------------------2017-01-10 01:50:12.404273--------------------------------------------
------------------------------------------------2017-01-10 01:54:24.424383--------------------------------------------
------------------------------------------------2017-01-10 01:57:47.866350--------------------------------------------
The time elapsed :  929.415458918 seconds.

The time elapsed :  1097.3632741 seconds.

The time elapsed :  1095.00051498 seconds.

The time elapsed :  968.962482929 seconds.

------------------------------------------------2017-01-10 23:51:10.596904--------------------------------------------
------------------------------------------------2017-01-10 23:51:26.361531--------------------------------------------
the length of predict is ?and the batch_size is 1000
------------------------------------------------2017-01-10 23:53:14.340897--------------------------------------------
the length of predict is ?and the batch_size is 1000
------------------------------------------------2017-01-10 23:56:05.037083--------------------------------------------
the length of predict is ?and the batch_size is 1000
The time elapsed :  3727.2794630527496 seconds.

The time elapsed :  3957.2192752361298 seconds.

------------------------------------------------2017-01-11 01:43:44.091469--------------------------------------------
the length of predict is ?and the batch_size is 1000
------------------------------------------------2017-01-11 01:48:24.069348--------------------------------------------
the length of predict is ?and the batch_size is 1000
------------------------------------------------2017-01-11 01:55:46.353988--------------------------------------------
------------------------------------------------2017-01-11 01:57:13.930304--------------------------------------------
------------------------------------------------2017-01-11 02:01:57.019643--------------------------------------------
------------------------------------------------2017-01-11 02:02:53.097710--------------------------------------------
the length of predict is ?and the batch_size is 1000
The time elapsed :  3428.081195831299 seconds.

------------------------------------------------2017-01-11 03:04:54.342683--------------------------------------------
------------------------------------------------2017-01-11 03:05:31.146886--------------------------------------------
the length of predict is ?and the batch_size is 1000
------------------------------------------------2017-01-11 03:12:14.394172--------------------------------------------
the length of predict is ?and the batch_size is 1000
------------------------------------------------2017-01-11 03:12:27.650431--------------------------------------------
the length of predict is ?and the batch_size is 1000
------------------------------------------------2017-01-11 03:31:10.939259--------------------------------------------
the length of predict is ?and the batch_size is 1000
------------------------------------------------2017-01-11 03:31:38.707275--------------------------------------------
the length of predict is ?and the batch_size is 1000
------------------------------------------------2017-01-11 03:48:29.413073--------------------------------------------
the length of predict is ?and the batch_size is 1000
------------------------------------------------2017-01-11 04:12:14.966975--------------------------------------------
the length of predict is ?and the batch_size is 1000
------------------------------------------------2017-01-11 04:12:27.143222--------------------------------------------
the length of predict is ?and the batch_size is 1000
------------------------------------------------2017-01-11 04:12:39.599476--------------------------------------------
the length of predict is ?and the batch_size is 1000
------------------------------------------------2017-01-11 04:12:46.744440--------------------------------------------
the length of predict is ?and the batch_size is 1000
